This file contains any messages produced by compilers while
running configure, to aid debugging if configure makes a mistake.

It was created by configure, which was
generated by GNU Autoconf 2.59.  Invocation command line was

  $ ./configure 

## --------- ##
## Platform. ##
## --------- ##

hostname = molokai
uname -m = i686
uname -r = 2.6.15-20-686
uname -s = Linux
uname -v = #1 SMP PREEMPT Tue Apr 4 18:37:00 UTC 2006

/usr/bin/uname -p = unknown
/bin/uname -X     = unknown

/bin/arch              = i686
/usr/bin/arch -k       = unknown
/usr/convex/getsysinfo = unknown
hostinfo               = unknown
/bin/machine           = unknown
/usr/bin/oslevel       = unknown
/bin/universe          = unknown

PATH: /usr/local/sbin
PATH: /usr/local/bin
PATH: /usr/sbin
PATH: /usr/bin
PATH: /sbin
PATH: /bin
PATH: /usr/bin/X11
PATH: /usr/games


## ----------- ##
## Core tests. ##
## ----------- ##

configure:1538: checking for a BSD-compatible install
configure:1593: result: /usr/bin/install -c
configure:1604: checking whether build environment is sane
configure:1647: result: yes
configure:1662: checking whether make sets $(MAKE)
configure:1682: result: yes
configure:1714: checking for working aclocal-1.4
configure:1721: result: found
configure:1729: checking for working autoconf
configure:1736: result: found
configure:1744: checking for working automake-1.4
configure:1751: result: found
configure:1759: checking for working autoheader
configure:1766: result: found
configure:1774: checking for working makeinfo
configure:1785: result: missing
configure:1790: checking whether to enable maintainer-specific portions of Makefiles
configure:1799: result: no
configure:1865: checking for gcc
configure:1881: found /usr/bin/gcc
configure:1891: result: gcc
configure:2135: checking for C compiler version
configure:2138: gcc --version </dev/null >&5
gcc (GCC) 4.0.3 (Ubuntu 4.0.3-1ubuntu4)
Copyright (C) 2006 Free Software Foundation, Inc.
This is free software; see the source for copying conditions.  There is NO
warranty; not even for MERCHANTABILITY or FITNESS FOR A PARTICULAR PURPOSE.

configure:2141: $? = 0
configure:2143: gcc -v </dev/null >&5
Using built-in specs.
Target: i486-linux-gnu
Configured with: ../src/configure -v --enable-languages=c,c++,java,f95,objc,ada,treelang --prefix=/usr --enable-shared --with-system-zlib --libexecdir=/usr/lib --without-included-gettext --enable-threads=posix --enable-nls --program-suffix=-4.0 --enable-__cxa_atexit --enable-clocale=gnu --enable-libstdcxx-debug --enable-java-awt=gtk-default --enable-gtk-cairo --with-java-home=/usr/lib/jvm/java-1.4.2-gcj-4.0-1.4.2.0/jre --enable-mpfr --disable-werror --with-tune=pentium4 --enable-checking=release i486-linux-gnu
Thread model: posix
gcc version 4.0.3 (Ubuntu 4.0.3-1ubuntu4)
configure:2146: $? = 0
configure:2148: gcc -V </dev/null >&5
gcc: '-V' option must have argument
configure:2151: $? = 1
configure:2174: checking for C compiler default output file name
configure:2177: gcc    conftest.c  >&5
configure:2180: $? = 0
configure:2226: result: a.out
configure:2231: checking whether the C compiler works
configure:2237: ./a.out
configure:2240: $? = 0
configure:2257: result: yes
configure:2264: checking whether we are cross compiling
configure:2266: result: no
configure:2269: checking for suffix of executables
configure:2271: gcc -o conftest    conftest.c  >&5
configure:2274: $? = 0
configure:2299: result: 
configure:2305: checking for suffix of object files
configure:2326: gcc -c   conftest.c >&5
configure:2329: $? = 0
configure:2351: result: o
configure:2355: checking whether we are using the GNU C compiler
configure:2379: gcc -c   conftest.c >&5
configure:2385: $? = 0
configure:2388: test -z 			 || test ! -s conftest.err
configure:2391: $? = 0
configure:2394: test -s conftest.o
configure:2397: $? = 0
configure:2410: result: yes
configure:2416: checking whether gcc accepts -g
configure:2437: gcc -c -g  conftest.c >&5
configure:2443: $? = 0
configure:2446: test -z 			 || test ! -s conftest.err
configure:2449: $? = 0
configure:2452: test -s conftest.o
configure:2455: $? = 0
configure:2466: result: yes
configure:2483: checking for gcc option to accept ANSI C
configure:2553: gcc  -c -g -O2  conftest.c >&5
configure:2559: $? = 0
configure:2562: test -z 			 || test ! -s conftest.err
configure:2565: $? = 0
configure:2568: test -s conftest.o
configure:2571: $? = 0
configure:2589: result: none needed
configure:2607: gcc -c -g -O2  conftest.c >&5
conftest.c:2: error: syntax error before 'me'
configure:2613: $? = 1
configure: failed program was:
| #ifndef __cplusplus
|   choke me
| #endif
configure:2795: checking for g++
configure:2811: found /usr/bin/g++
configure:2821: result: g++
configure:2837: checking for C++ compiler version
configure:2840: g++ --version </dev/null >&5
g++ (GCC) 4.0.3 (Ubuntu 4.0.3-1ubuntu4)
Copyright (C) 2006 Free Software Foundation, Inc.
This is free software; see the source for copying conditions.  There is NO
warranty; not even for MERCHANTABILITY or FITNESS FOR A PARTICULAR PURPOSE.

configure:2843: $? = 0
configure:2845: g++ -v </dev/null >&5
Using built-in specs.
Target: i486-linux-gnu
Configured with: ../src/configure -v --enable-languages=c,c++,java,f95,objc,ada,treelang --prefix=/usr --enable-shared --with-system-zlib --libexecdir=/usr/lib --without-included-gettext --enable-threads=posix --enable-nls --program-suffix=-4.0 --enable-__cxa_atexit --enable-clocale=gnu --enable-libstdcxx-debug --enable-java-awt=gtk-default --enable-gtk-cairo --with-java-home=/usr/lib/jvm/java-1.4.2-gcj-4.0-1.4.2.0/jre --enable-mpfr --disable-werror --with-tune=pentium4 --enable-checking=release i486-linux-gnu
Thread model: posix
gcc version 4.0.3 (Ubuntu 4.0.3-1ubuntu4)
configure:2848: $? = 0
configure:2850: g++ -V </dev/null >&5
g++: '-V' option must have argument
configure:2853: $? = 1
configure:2856: checking whether we are using the GNU C++ compiler
configure:2880: g++ -c   conftest.cc >&5
configure:2886: $? = 0
configure:2889: test -z 			 || test ! -s conftest.err
configure:2892: $? = 0
configure:2895: test -s conftest.o
configure:2898: $? = 0
configure:2911: result: yes
configure:2917: checking whether g++ accepts -g
configure:2938: g++ -c -g  conftest.cc >&5
configure:2944: $? = 0
configure:2947: test -z 			 || test ! -s conftest.err
configure:2950: $? = 0
configure:2953: test -s conftest.o
configure:2956: $? = 0
configure:2967: result: yes
configure:3009: g++ -c -g -O2  conftest.cc >&5
configure:3015: $? = 0
configure:3018: test -z 			 || test ! -s conftest.err
configure:3021: $? = 0
configure:3024: test -s conftest.o
configure:3027: $? = 0
configure:3053: g++ -c -g -O2  conftest.cc >&5
conftest.cc: In function 'int main()':
conftest.cc:15: error: 'exit' was not declared in this scope
configure:3059: $? = 1
configure: failed program was:
| /* confdefs.h.  */
| 
| #define PACKAGE_NAME ""
| #define PACKAGE_TARNAME ""
| #define PACKAGE_VERSION ""
| #define PACKAGE_STRING ""
| #define PACKAGE_BUGREPORT ""
| #define PACKAGE "grayscale"
| #define VERSION "0.1"
| /* end confdefs.h.  */
| 
| int
| main ()
| {
| exit (42);
|   ;
|   return 0;
| }
configure:3009: g++ -c -g -O2  conftest.cc >&5
configure:3015: $? = 0
configure:3018: test -z 			 || test ! -s conftest.err
configure:3021: $? = 0
configure:3024: test -s conftest.o
configure:3027: $? = 0
configure:3053: g++ -c -g -O2  conftest.cc >&5
configure:3059: $? = 0
configure:3062: test -z 			 || test ! -s conftest.err
configure:3065: $? = 0
configure:3068: test -s conftest.o
configure:3071: $? = 0
configure:3107: checking for a BSD-compatible install
configure:3162: result: /usr/bin/install -c
configure:3214: checking for ranlib
configure:3230: found /usr/bin/ranlib
configure:3241: result: ranlib
configure:3331: checking build system type
configure:3349: result: i686-pc-linux-gnu
configure:3357: checking host system type
configure:3371: result: i686-pc-linux-gnu
configure:3379: checking for a sed that does not truncate output
configure:3433: result: /bin/sed
configure:3436: checking for egrep
configure:3446: result: grep -E
configure:3462: checking for ld used by gcc
configure:3529: result: /usr/bin/ld
configure:3538: checking if the linker (/usr/bin/ld) is GNU ld
configure:3553: result: yes
configure:3558: checking for /usr/bin/ld option to reload object files
configure:3565: result: -r
configure:3583: checking for BSD-compatible nm
configure:3632: result: /usr/bin/nm -B
configure:3636: checking whether ln -s works
configure:3640: result: yes
configure:3647: checking how to recognise dependent libraries
configure:3823: result: pass_all
configure:4301: checking how to run the C preprocessor
configure:4336: gcc -E  conftest.c
configure:4342: $? = 0
configure:4374: gcc -E  conftest.c
conftest.c:14:28: error: ac_nonexistent.h: No such file or directory
configure:4380: $? = 1
configure: failed program was:
| /* confdefs.h.  */
| 
| #define PACKAGE_NAME ""
| #define PACKAGE_TARNAME ""
| #define PACKAGE_VERSION ""
| #define PACKAGE_STRING ""
| #define PACKAGE_BUGREPORT ""
| #define PACKAGE "grayscale"
| #define VERSION "0.1"
| #ifdef __cplusplus
| extern "C" void std::exit (int) throw (); using std::exit;
| #endif
| /* end confdefs.h.  */
| #include <ac_nonexistent.h>
configure:4419: result: gcc -E
configure:4443: gcc -E  conftest.c
configure:4449: $? = 0
configure:4481: gcc -E  conftest.c
conftest.c:14:28: error: ac_nonexistent.h: No such file or directory
configure:4487: $? = 1
configure: failed program was:
| /* confdefs.h.  */
| 
| #define PACKAGE_NAME ""
| #define PACKAGE_TARNAME ""
| #define PACKAGE_VERSION ""
| #define PACKAGE_STRING ""
| #define PACKAGE_BUGREPORT ""
| #define PACKAGE "grayscale"
| #define VERSION "0.1"
| #ifdef __cplusplus
| extern "C" void std::exit (int) throw (); using std::exit;
| #endif
| /* end confdefs.h.  */
| #include <ac_nonexistent.h>
configure:4531: checking for ANSI C header files
configure:4556: gcc -c -g -O2  conftest.c >&5
configure:4562: $? = 0
configure:4565: test -z 			 || test ! -s conftest.err
configure:4568: $? = 0
configure:4571: test -s conftest.o
configure:4574: $? = 0
configure:4663: gcc -o conftest -g -O2   conftest.c  >&5
conftest.c: In function 'main':
conftest.c:31: warning: incompatible implicit declaration of built-in function 'exit'
configure:4666: $? = 0
configure:4668: ./conftest
configure:4671: $? = 0
configure:4686: result: yes
configure:4710: checking for sys/types.h
configure:4726: gcc -c -g -O2  conftest.c >&5
configure:4732: $? = 0
configure:4735: test -z 			 || test ! -s conftest.err
configure:4738: $? = 0
configure:4741: test -s conftest.o
configure:4744: $? = 0
configure:4755: result: yes
configure:4710: checking for sys/stat.h
configure:4726: gcc -c -g -O2  conftest.c >&5
configure:4732: $? = 0
configure:4735: test -z 			 || test ! -s conftest.err
configure:4738: $? = 0
configure:4741: test -s conftest.o
configure:4744: $? = 0
configure:4755: result: yes
configure:4710: checking for stdlib.h
configure:4726: gcc -c -g -O2  conftest.c >&5
configure:4732: $? = 0
configure:4735: test -z 			 || test ! -s conftest.err
configure:4738: $? = 0
configure:4741: test -s conftest.o
configure:4744: $? = 0
configure:4755: result: yes
configure:4710: checking for string.h
configure:4726: gcc -c -g -O2  conftest.c >&5
configure:4732: $? = 0
configure:4735: test -z 			 || test ! -s conftest.err
configure:4738: $? = 0
configure:4741: test -s conftest.o
configure:4744: $? = 0
configure:4755: result: yes
configure:4710: checking for memory.h
configure:4726: gcc -c -g -O2  conftest.c >&5
configure:4732: $? = 0
configure:4735: test -z 			 || test ! -s conftest.err
configure:4738: $? = 0
configure:4741: test -s conftest.o
configure:4744: $? = 0
configure:4755: result: yes
configure:4710: checking for strings.h
configure:4726: gcc -c -g -O2  conftest.c >&5
configure:4732: $? = 0
configure:4735: test -z 			 || test ! -s conftest.err
configure:4738: $? = 0
configure:4741: test -s conftest.o
configure:4744: $? = 0
configure:4755: result: yes
configure:4710: checking for inttypes.h
configure:4726: gcc -c -g -O2  conftest.c >&5
configure:4732: $? = 0
configure:4735: test -z 			 || test ! -s conftest.err
configure:4738: $? = 0
configure:4741: test -s conftest.o
configure:4744: $? = 0
configure:4755: result: yes
configure:4710: checking for stdint.h
configure:4726: gcc -c -g -O2  conftest.c >&5
configure:4732: $? = 0
configure:4735: test -z 			 || test ! -s conftest.err
configure:4738: $? = 0
configure:4741: test -s conftest.o
configure:4744: $? = 0
configure:4755: result: yes
configure:4710: checking for unistd.h
configure:4726: gcc -c -g -O2  conftest.c >&5
configure:4732: $? = 0
configure:4735: test -z 			 || test ! -s conftest.err
configure:4738: $? = 0
configure:4741: test -s conftest.o
configure:4744: $? = 0
configure:4755: result: yes
configure:4781: checking dlfcn.h usability
configure:4793: gcc -c -g -O2  conftest.c >&5
configure:4799: $? = 0
configure:4802: test -z 			 || test ! -s conftest.err
configure:4805: $? = 0
configure:4808: test -s conftest.o
configure:4811: $? = 0
configure:4821: result: yes
configure:4825: checking dlfcn.h presence
configure:4835: gcc -E  conftest.c
configure:4841: $? = 0
configure:4861: result: yes
configure:4896: checking for dlfcn.h
configure:4903: result: yes
configure:4926: checking how to run the C++ preprocessor
configure:4957: g++ -E  conftest.cc
configure:4963: $? = 0
configure:4995: g++ -E  conftest.cc
conftest.cc:25:28: error: ac_nonexistent.h: No such file or directory
configure:5001: $? = 1
configure: failed program was:
| /* confdefs.h.  */
| 
| #define PACKAGE_NAME ""
| #define PACKAGE_TARNAME ""
| #define PACKAGE_VERSION ""
| #define PACKAGE_STRING ""
| #define PACKAGE_BUGREPORT ""
| #define PACKAGE "grayscale"
| #define VERSION "0.1"
| #ifdef __cplusplus
| extern "C" void std::exit (int) throw (); using std::exit;
| #endif
| #define STDC_HEADERS 1
| #define HAVE_SYS_TYPES_H 1
| #define HAVE_SYS_STAT_H 1
| #define HAVE_STDLIB_H 1
| #define HAVE_STRING_H 1
| #define HAVE_MEMORY_H 1
| #define HAVE_STRINGS_H 1
| #define HAVE_INTTYPES_H 1
| #define HAVE_STDINT_H 1
| #define HAVE_UNISTD_H 1
| #define HAVE_DLFCN_H 1
| /* end confdefs.h.  */
| #include <ac_nonexistent.h>
configure:5040: result: g++ -E
configure:5064: g++ -E  conftest.cc
configure:5070: $? = 0
configure:5102: g++ -E  conftest.cc
conftest.cc:25:28: error: ac_nonexistent.h: No such file or directory
configure:5108: $? = 1
configure: failed program was:
| /* confdefs.h.  */
| 
| #define PACKAGE_NAME ""
| #define PACKAGE_TARNAME ""
| #define PACKAGE_VERSION ""
| #define PACKAGE_STRING ""
| #define PACKAGE_BUGREPORT ""
| #define PACKAGE "grayscale"
| #define VERSION "0.1"
| #ifdef __cplusplus
| extern "C" void std::exit (int) throw (); using std::exit;
| #endif
| #define STDC_HEADERS 1
| #define HAVE_SYS_TYPES_H 1
| #define HAVE_SYS_STAT_H 1
| #define HAVE_STDLIB_H 1
| #define HAVE_STRING_H 1
| #define HAVE_MEMORY_H 1
| #define HAVE_STRINGS_H 1
| #define HAVE_INTTYPES_H 1
| #define HAVE_STDINT_H 1
| #define HAVE_UNISTD_H 1
| #define HAVE_DLFCN_H 1
| /* end confdefs.h.  */
| #include <ac_nonexistent.h>
configure:5205: checking for g77
configure:5234: result: no
configure:5205: checking for f77
configure:5234: result: no
configure:5205: checking for xlf
configure:5234: result: no
configure:5205: checking for frt
configure:5234: result: no
configure:5205: checking for pgf77
configure:5234: result: no
configure:5205: checking for fort77
configure:5234: result: no
configure:5205: checking for fl32
configure:5234: result: no
configure:5205: checking for af77
configure:5234: result: no
configure:5205: checking for f90
configure:5234: result: no
configure:5205: checking for xlf90
configure:5234: result: no
configure:5205: checking for pgf90
configure:5234: result: no
configure:5205: checking for epcf90
configure:5234: result: no
configure:5205: checking for f95
configure:5234: result: no
configure:5205: checking for fort
configure:5234: result: no
configure:5205: checking for xlf95
configure:5234: result: no
configure:5205: checking for ifc
configure:5234: result: no
configure:5205: checking for efc
configure:5234: result: no
configure:5205: checking for pgf95
configure:5234: result: no
configure:5205: checking for lf95
configure:5234: result: no
configure:5205: checking for gfortran
configure:5234: result: no
configure:5246: checking for Fortran 77 compiler version
configure:5249:  --version </dev/null >&5
./configure: line 5250: --version: command not found
configure:5252: $? = 127
configure:5254:  -v </dev/null >&5
./configure: line 5255: -v: command not found
configure:5257: $? = 127
configure:5259:  -V </dev/null >&5
./configure: line 5260: -V: command not found
configure:5262: $? = 127
configure:5270: checking whether we are using the GNU Fortran 77 compiler
configure:5284:  -c  conftest.F >&5
./configure: line 5285: -c: command not found
configure:5290: $? = 127
configure: failed program was:
|       program main
| #ifndef __GNUC__
|        choke me
| #endif
| 
|       end
configure:5315: result: no
configure:5321: checking whether  accepts -g
configure:5333:  -c -g conftest.f >&5
./configure: line 5334: -c: command not found
configure:5339: $? = 127
configure: failed program was:
|       program main
| 
|       end
configure:5363: result: no
configure:5393: checking the maximum length of command line arguments
configure:5502: result: 32768
configure:5513: checking command to parse /usr/bin/nm -B output from gcc object
configure:5618: gcc -c -g -O2  conftest.c >&5
configure:5621: $? = 0
configure:5625: /usr/bin/nm -B conftest.o \| sed -n -e 's/^.*[ 	]\([ABCDGIRSTW][ABCDGIRSTW]*\)[ 	][ 	]*\([_A-Za-z][_A-Za-z0-9]*\)$/\1 \2 \2/p' \> conftest.nm
configure:5628: $? = 0
configure:5680: gcc -o conftest -g -O2   conftest.c conftstm.o >&5
configure:5683: $? = 0
configure:5721: result: ok
configure:5725: checking for objdir
configure:5740: result: .libs
configure:5830: checking for ar
configure:5846: found /usr/bin/ar
configure:5857: result: ar
configure:5910: checking for ranlib
configure:5937: result: ranlib
configure:5990: checking for strip
configure:6006: found /usr/bin/strip
configure:6017: result: strip
configure:6289: checking if gcc supports -fno-rtti -fno-exceptions
configure:6307: gcc -c -g -O2  -fno-rtti -fno-exceptions conftest.c >&5
cc1: warning: command line option "-fno-rtti" is valid for C++/ObjC++ but not for C
configure:6311: $? = 0
configure:6324: result: no
configure:6339: checking for gcc option to produce PIC
configure:6549: result: -fPIC
configure:6557: checking if gcc PIC flag -fPIC works
configure:6575: gcc -c -g -O2  -fPIC -DPIC conftest.c >&5
configure:6579: $? = 0
configure:6592: result: yes
configure:6620: checking if gcc static flag -static works
configure:6648: result: yes
configure:6658: checking if gcc supports -c -o file.o
configure:6679: gcc -c -g -O2  -o out/conftest2.o conftest.c >&5
configure:6683: $? = 0
configure:6705: result: yes
configure:6731: checking whether the gcc linker (/usr/bin/ld) supports shared libraries
configure:7697: result: yes
configure:7718: checking whether -lc should be explicitly linked in
configure:7723: gcc -c -g -O2  conftest.c >&5
configure:7726: $? = 0
configure:7741: gcc -shared conftest.o  -v -Wl,-soname -Wl,conftest -o conftest 2\>\&1 \| grep  -lc  \>/dev/null 2\>\&1
configure:7744: $? = 0
configure:7756: result: no
configure:7764: checking dynamic linker characteristics
configure:8364: result: GNU/Linux ld.so
configure:8373: checking how to hardcode library paths into programs
configure:8398: result: immediate
configure:8412: checking whether stripping libraries is possible
configure:8417: result: yes
configure:8542: checking for shl_load
configure:8599: gcc -o conftest -g -O2   conftest.c  >&5
/tmp/ccIBCgW6.o: In function `main':/home/opensource/tiff-grayscale/conftest.c:64: undefined reference to `shl_load'
/tmp/ccIBCgW6.o:(.data+0x0): undefined reference to `shl_load'
collect2: ld returned 1 exit status
configure:8605: $? = 1
configure: failed program was:
| /* confdefs.h.  */
| 
| #define PACKAGE_NAME ""
| #define PACKAGE_TARNAME ""
| #define PACKAGE_VERSION ""
| #define PACKAGE_STRING ""
| #define PACKAGE_BUGREPORT ""
| #define PACKAGE "grayscale"
| #define VERSION "0.1"
| #ifdef __cplusplus
| extern "C" void std::exit (int) throw (); using std::exit;
| #endif
| #define STDC_HEADERS 1
| #define HAVE_SYS_TYPES_H 1
| #define HAVE_SYS_STAT_H 1
| #define HAVE_STDLIB_H 1
| #define HAVE_STRING_H 1
| #define HAVE_MEMORY_H 1
| #define HAVE_STRINGS_H 1
| #define HAVE_INTTYPES_H 1
| #define HAVE_STDINT_H 1
| #define HAVE_UNISTD_H 1
| #define HAVE_DLFCN_H 1
| /* end confdefs.h.  */
| /* Define shl_load to an innocuous variant, in case <limits.h> declares shl_load.
|    For example, HP-UX 11i <limits.h> declares gettimeofday.  */
| #define shl_load innocuous_shl_load
| 
| /* System header to define __stub macros and hopefully few prototypes,
|     which can conflict with char shl_load (); below.
|     Prefer <limits.h> to <assert.h> if __STDC__ is defined, since
|     <limits.h> exists even on freestanding compilers.  */
| 
| #ifdef __STDC__
| # include <limits.h>
| #else
| # include <assert.h>
| #endif
| 
| #undef shl_load
| 
| /* Override any gcc2 internal prototype to avoid an error.  */
| #ifdef __cplusplus
| extern "C"
| {
| #endif
| /* We use char because int might match the return type of a gcc2
|    builtin and then its argument prototype would still apply.  */
| char shl_load ();
| /* The GNU C library defines this for functions which it implements
|     to always fail with ENOSYS.  Some functions are actually named
|     something starting with __ and the normal name is an alias.  */
| #if defined (__stub_shl_load) || defined (__stub___shl_load)
| choke me
| #else
| char (*f) () = shl_load;
| #endif
| #ifdef __cplusplus
| }
| #endif
| 
| int
| main ()
| {
| return f != shl_load;
|   ;
|   return 0;
| }
configure:8629: result: no
configure:8634: checking for shl_load in -ldld
configure:8664: gcc -o conftest -g -O2   conftest.c -ldld   >&5
/usr/bin/ld: cannot find -ldld
collect2: ld returned 1 exit status
configure:8670: $? = 1
configure: failed program was:
| /* confdefs.h.  */
| 
| #define PACKAGE_NAME ""
| #define PACKAGE_TARNAME ""
| #define PACKAGE_VERSION ""
| #define PACKAGE_STRING ""
| #define PACKAGE_BUGREPORT ""
| #define PACKAGE "grayscale"
| #define VERSION "0.1"
| #ifdef __cplusplus
| extern "C" void std::exit (int) throw (); using std::exit;
| #endif
| #define STDC_HEADERS 1
| #define HAVE_SYS_TYPES_H 1
| #define HAVE_SYS_STAT_H 1
| #define HAVE_STDLIB_H 1
| #define HAVE_STRING_H 1
| #define HAVE_MEMORY_H 1
| #define HAVE_STRINGS_H 1
| #define HAVE_INTTYPES_H 1
| #define HAVE_STDINT_H 1
| #define HAVE_UNISTD_H 1
| #define HAVE_DLFCN_H 1
| /* end confdefs.h.  */
| 
| /* Override any gcc2 internal prototype to avoid an error.  */
| #ifdef __cplusplus
| extern "C"
| #endif
| /* We use char because int might match the return type of a gcc2
|    builtin and then its argument prototype would still apply.  */
| char shl_load ();
| int
| main ()
| {
| shl_load ();
|   ;
|   return 0;
| }
configure:8695: result: no
configure:8700: checking for dlopen
configure:8757: gcc -o conftest -g -O2   conftest.c  >&5
/tmp/ccqP8prd.o: In function `main':/home/opensource/tiff-grayscale/conftest.c:64: undefined reference to `dlopen'
/tmp/ccqP8prd.o:(.data+0x0): undefined reference to `dlopen'
collect2: ld returned 1 exit status
configure:8763: $? = 1
configure: failed program was:
| /* confdefs.h.  */
| 
| #define PACKAGE_NAME ""
| #define PACKAGE_TARNAME ""
| #define PACKAGE_VERSION ""
| #define PACKAGE_STRING ""
| #define PACKAGE_BUGREPORT ""
| #define PACKAGE "grayscale"
| #define VERSION "0.1"
| #ifdef __cplusplus
| extern "C" void std::exit (int) throw (); using std::exit;
| #endif
| #define STDC_HEADERS 1
| #define HAVE_SYS_TYPES_H 1
| #define HAVE_SYS_STAT_H 1
| #define HAVE_STDLIB_H 1
| #define HAVE_STRING_H 1
| #define HAVE_MEMORY_H 1
| #define HAVE_STRINGS_H 1
| #define HAVE_INTTYPES_H 1
| #define HAVE_STDINT_H 1
| #define HAVE_UNISTD_H 1
| #define HAVE_DLFCN_H 1
| /* end confdefs.h.  */
| /* Define dlopen to an innocuous variant, in case <limits.h> declares dlopen.
|    For example, HP-UX 11i <limits.h> declares gettimeofday.  */
| #define dlopen innocuous_dlopen
| 
| /* System header to define __stub macros and hopefully few prototypes,
|     which can conflict with char dlopen (); below.
|     Prefer <limits.h> to <assert.h> if __STDC__ is defined, since
|     <limits.h> exists even on freestanding compilers.  */
| 
| #ifdef __STDC__
| # include <limits.h>
| #else
| # include <assert.h>
| #endif
| 
| #undef dlopen
| 
| /* Override any gcc2 internal prototype to avoid an error.  */
| #ifdef __cplusplus
| extern "C"
| {
| #endif
| /* We use char because int might match the return type of a gcc2
|    builtin and then its argument prototype would still apply.  */
| char dlopen ();
| /* The GNU C library defines this for functions which it implements
|     to always fail with ENOSYS.  Some functions are actually named
|     something starting with __ and the normal name is an alias.  */
| #if defined (__stub_dlopen) || defined (__stub___dlopen)
| choke me
| #else
| char (*f) () = dlopen;
| #endif
| #ifdef __cplusplus
| }
| #endif
| 
| int
| main ()
| {
| return f != dlopen;
|   ;
|   return 0;
| }
configure:8787: result: no
configure:8792: checking for dlopen in -ldl
configure:8822: gcc -o conftest -g -O2   conftest.c -ldl   >&5
configure:8828: $? = 0
configure:8831: test -z 			 || test ! -s conftest.err
configure:8834: $? = 0
configure:8837: test -s conftest
configure:8840: $? = 0
configure:8853: result: yes
configure:9026: checking whether a program can dlopen itself
configure:9100: gcc -o conftest -g -O2  -DHAVE_DLFCN_H  -Wl,--export-dynamic conftest.c -ldl  >&5
configure: In function 'main':
configure:9096: warning: incompatible implicit declaration of built-in function 'exit'
configure:9103: $? = 0
configure:9121: result: yes
configure:9126: checking whether a statically linked program can dlopen itself
configure:9200: gcc -o conftest -g -O2  -DHAVE_DLFCN_H  -Wl,--export-dynamic -static conftest.c -ldl  >&5
configure: In function 'main':
configure:9196: warning: incompatible implicit declaration of built-in function 'exit'
/tmp/cckG97e3.o: In function `main':/home/opensource/tiff-grayscale/configure:9184: warning: Using 'dlopen' in statically linked applications requires at runtime the shared libraries from the glibc version used for linking
configure:9203: $? = 0
/lib/: cannot read file data: Is a directory
configure:9221: result: no
configure:9244: checking if libtool supports shared libraries
configure:9246: result: yes
configure:9249: checking whether to build shared libraries
configure:9270: result: yes
configure:9273: checking whether to build static libraries
configure:9277: result: yes
configure:9369: creating libtool
configure:9957: checking for ld used by g++
configure:10024: result: /usr/bin/ld
configure:10033: checking if the linker (/usr/bin/ld) is GNU ld
configure:10048: result: yes
configure:10099: checking whether the g++ linker (/usr/bin/ld) supports shared libraries
configure:11035: result: yes
configure:11053: g++ -c -g -O2  conftest.cpp >&5
configure:11056: $? = 0
configure:11175: checking for g++ option to produce PIC
configure:11449: result: -fPIC
configure:11457: checking if g++ PIC flag -fPIC works
configure:11475: g++ -c -g -O2  -fPIC -DPIC conftest.cpp >&5
configure:11479: $? = 0
configure:11492: result: yes
configure:11520: checking if g++ static flag -static works
configure:11548: result: yes
configure:11558: checking if g++ supports -c -o file.o
configure:11579: g++ -c -g -O2  -o out/conftest2.o conftest.cpp >&5
configure:11583: $? = 0
configure:11605: result: yes
configure:11631: checking whether the g++ linker (/usr/bin/ld) supports shared libraries
configure:11662: result: yes
configure:11729: checking dynamic linker characteristics
configure:12329: result: GNU/Linux ld.so
configure:12338: checking how to hardcode library paths into programs
configure:12363: result: immediate
configure:18556: checking for pow in -lm
configure:18586: gcc -o conftest -g -O2   conftest.c -lm   >&5
conftest.c:32: warning: conflicting types for built-in function 'pow'
configure:18592: $? = 0
configure:18595: test -z 			 || test ! -s conftest.err
configure:18598: $? = 0
configure:18601: test -s conftest
configure:18604: $? = 0
configure:18617: result: yes
configure:18630: checking for TIFFOpen in -ltiff
configure:18660: gcc -o conftest -g -O2   conftest.c -ltiff  -lm  >&5
configure:18666: $? = 0
configure:18669: test -z 			 || test ! -s conftest.err
configure:18672: $? = 0
configure:18675: test -s conftest
configure:18678: $? = 0
configure:18691: result: yes
configure:18703: checking for ANSI C header files
configure:18858: result: yes
configure:18882: checking tiffio.h usability
configure:18894: gcc -c -g -O2  conftest.c >&5
configure:18900: $? = 0
configure:18903: test -z 			 || test ! -s conftest.err
configure:18906: $? = 0
configure:18909: test -s conftest.o
configure:18912: $? = 0
configure:18922: result: yes
configure:18926: checking tiffio.h presence
configure:18936: gcc -E  conftest.c
configure:18942: $? = 0
configure:18962: result: yes
configure:18997: checking for tiffio.h
configure:19004: result: yes
configure:19146: creating ./config.status

## ---------------------- ##
## Running config.status. ##
## ---------------------- ##

This file was extended by config.status, which was
generated by GNU Autoconf 2.59.  Invocation command line was

  CONFIG_FILES    = 
  CONFIG_HEADERS  = 
  CONFIG_LINKS    = 
  CONFIG_COMMANDS = 
  $ ./config.status 

on molokai

config.status:721: creating Makefile

## ---------------- ##
## Cache variables. ##
## ---------------- ##

ac_cv_build=i686-pc-linux-gnu
ac_cv_build_alias=i686-pc-linux-gnu
ac_cv_c_compiler_gnu=yes
ac_cv_cxx_compiler_gnu=yes
ac_cv_env_CC_set=
ac_cv_env_CC_value=
ac_cv_env_CFLAGS_set=
ac_cv_env_CFLAGS_value=
ac_cv_env_CPPFLAGS_set=
ac_cv_env_CPPFLAGS_value=
ac_cv_env_CPP_set=
ac_cv_env_CPP_value=
ac_cv_env_CXXCPP_set=
ac_cv_env_CXXCPP_value=
ac_cv_env_CXXFLAGS_set=
ac_cv_env_CXXFLAGS_value=
ac_cv_env_CXX_set=
ac_cv_env_CXX_value=
ac_cv_env_F77_set=
ac_cv_env_F77_value=
ac_cv_env_FFLAGS_set=
ac_cv_env_FFLAGS_value=
ac_cv_env_LDFLAGS_set=
ac_cv_env_LDFLAGS_value=
ac_cv_env_build_alias_set=
ac_cv_env_build_alias_value=
ac_cv_env_host_alias_set=
ac_cv_env_host_alias_value=
ac_cv_env_target_alias_set=
ac_cv_env_target_alias_value=
ac_cv_exeext=
ac_cv_f77_compiler_gnu=no
ac_cv_func_dlopen=no
ac_cv_func_shl_load=no
ac_cv_header_dlfcn_h=yes
ac_cv_header_inttypes_h=yes
ac_cv_header_memory_h=yes
ac_cv_header_stdc=yes
ac_cv_header_stdint_h=yes
ac_cv_header_stdlib_h=yes
ac_cv_header_string_h=yes
ac_cv_header_strings_h=yes
ac_cv_header_sys_stat_h=yes
ac_cv_header_sys_types_h=yes
ac_cv_header_tiffio_h=yes
ac_cv_header_unistd_h=yes
ac_cv_host=i686-pc-linux-gnu
ac_cv_host_alias=i686-pc-linux-gnu
ac_cv_lib_dl_dlopen=yes
ac_cv_lib_dld_shl_load=no
ac_cv_lib_m_pow=yes
ac_cv_lib_tiff_TIFFOpen=yes
ac_cv_objext=o
ac_cv_path_install='/usr/bin/install -c'
ac_cv_prog_CPP='gcc -E'
ac_cv_prog_CXXCPP='g++ -E'
ac_cv_prog_ac_ct_AR=ar
ac_cv_prog_ac_ct_CC=gcc
ac_cv_prog_ac_ct_CXX=g++
ac_cv_prog_ac_ct_RANLIB=ranlib
ac_cv_prog_ac_ct_STRIP=strip
ac_cv_prog_cc_g=yes
ac_cv_prog_cc_stdc=
ac_cv_prog_cxx_g=yes
ac_cv_prog_egrep='grep -E'
ac_cv_prog_f77_g=no
ac_cv_prog_make_make_set=yes
lt_cv_deplibs_check_method=pass_all
lt_cv_dlopen=dlopen
lt_cv_dlopen_libs=-ldl
lt_cv_dlopen_self=yes
lt_cv_dlopen_self_static=no
lt_cv_file_magic_cmd='$MAGIC_CMD'
lt_cv_file_magic_test_file=
lt_cv_ld_reload_flag=-r
lt_cv_objdir=.libs
lt_cv_path_LD=/usr/bin/ld
lt_cv_path_LDCXX=/usr/bin/ld
lt_cv_path_NM='/usr/bin/nm -B'
lt_cv_path_SED=/bin/sed
lt_cv_prog_compiler_c_o=yes
lt_cv_prog_compiler_c_o_CXX=yes
lt_cv_prog_compiler_rtti_exceptions=no
lt_cv_prog_gnu_ld=yes
lt_cv_prog_gnu_ldcxx=yes
lt_cv_sys_global_symbol_pipe='sed -n -e '\''s/^.*[ 	]\([ABCDGIRSTW][ABCDGIRSTW]*\)[ 	][ 	]*\([_A-Za-z][_A-Za-z0-9]*\)$/\1 \2 \2/p'\'''
lt_cv_sys_global_symbol_to_c_name_address='sed -n -e '\''s/^: \([^ ]*\) $/  {\"\1\", (lt_ptr) 0},/p'\'' -e '\''s/^[BCDEGRST] \([^ ]*\) \([^ ]*\)$/  {"\2", (lt_ptr) \&\2},/p'\'''
lt_cv_sys_global_symbol_to_cdecl='sed -n -e '\''s/^. .* \(.*\)$/extern int \1;/p'\'''
lt_cv_sys_max_cmd_len=32768
lt_lt_cv_prog_compiler_c_o='"yes"'
lt_lt_cv_prog_compiler_c_o_CXX='"yes"'
lt_lt_cv_sys_global_symbol_pipe='"sed -n -e '\''s/^.*[ 	]\\([ABCDGIRSTW][ABCDGIRSTW]*\\)[ 	][ 	]*\\([_A-Za-z][_A-Za-z0-9]*\\)\$/\\1 \\2 \\2/p'\''"'
lt_lt_cv_sys_global_symbol_to_c_name_address='"sed -n -e '\''s/^: \\([^ ]*\\) \$/  {\\\"\\1\\\", (lt_ptr) 0},/p'\'' -e '\''s/^[BCDEGRST] \\([^ ]*\\) \\([^ ]*\\)\$/  {\"\\2\", (lt_ptr) \\&\\2},/p'\''"'
lt_lt_cv_sys_global_symbol_to_cdecl='"sed -n -e '\''s/^. .* \\(.*\\)\$/extern int \\1;/p'\''"'

## ----------------- ##
## Output variables. ##
## ----------------- ##

ACLOCAL='aclocal-1.4'
AR='ar'
AS='as'
AUTOCONF='autoconf'
AUTOHEADER='autoheader'
AUTOMAKE='automake-1.4'
CC='gcc'
CFLAGS='-g -O2'
CPP='gcc -E'
CPPFLAGS=''
CXX='g++'
CXXCPP='g++ -E'
CXXFLAGS='-g -O2'
DEFS='-DPACKAGE_NAME=\"\" -DPACKAGE_TARNAME=\"\" -DPACKAGE_VERSION=\"\" -DPACKAGE_STRING=\"\" -DPACKAGE_BUGREPORT=\"\" -DPACKAGE=\"grayscale\" -DVERSION=\"0.1\" -DSTDC_HEADERS=1 -DHAVE_SYS_TYPES_H=1 -DHAVE_SYS_STAT_H=1 -DHAVE_STDLIB_H=1 -DHAVE_STRING_H=1 -DHAVE_MEMORY_H=1 -DHAVE_STRINGS_H=1 -DHAVE_INTTYPES_H=1 -DHAVE_STDINT_H=1 -DHAVE_UNISTD_H=1 -DHAVE_DLFCN_H=1 -DHAVE_LIBM=1 -DHAVE_LIBTIFF=1 -DSTDC_HEADERS=1 -DHAVE_TIFFIO_H=1 '
DLLTOOL='dlltool'
ECHO='echo'
ECHO_C=''
ECHO_N='-n'
ECHO_T=''
EGREP='grep -E'
EXEEXT=''
F77=''
FFLAGS=''
INSTALL_DATA='${INSTALL} -m 644'
INSTALL_PROGRAM='${INSTALL}'
INSTALL_SCRIPT='${INSTALL}'
LDFLAGS=''
LIBOBJS=''
LIBS='-ltiff -lm '
LIBTOOL='$(SHELL) $(top_builddir)/libtool'
LN_S='ln -s'
LTLIBOBJS=''
MAINT='#'
MAINTAINER_MODE_FALSE=''
MAINTAINER_MODE_TRUE='#'
MAKEINFO='/home/opensource/tiff-grayscale/config/missing makeinfo'
OBJDUMP='objdump'
OBJEXT='o'
PACKAGE='grayscale'
PACKAGE_BUGREPORT=''
PACKAGE_NAME=''
PACKAGE_STRING=''
PACKAGE_TARNAME=''
PACKAGE_VERSION=''
PATH_SEPARATOR=':'
RANLIB='ranlib'
SET_MAKE=''
SHELL='/bin/sh'
STRIP='strip'
VERSION='0.1'
ac_ct_AR='ar'
ac_ct_AS=''
ac_ct_CC='gcc'
ac_ct_CXX='g++'
ac_ct_DLLTOOL=''
ac_ct_F77=''
ac_ct_OBJDUMP=''
ac_ct_RANLIB='ranlib'
ac_ct_STRIP='strip'
bindir='${exec_prefix}/bin'
build='i686-pc-linux-gnu'
build_alias=''
build_cpu='i686'
build_os='linux-gnu'
build_vendor='pc'
datadir='${prefix}/share'
exec_prefix='${prefix}'
host='i686-pc-linux-gnu'
host_alias=''
host_cpu='i686'
host_os='linux-gnu'
host_vendor='pc'
includedir='${prefix}/include'
infodir='${prefix}/info'
libdir='${exec_prefix}/lib'
libexecdir='${exec_prefix}/libexec'
localstatedir='${prefix}/var'
mandir='${prefix}/man'
oldincludedir='/usr/include'
prefix='/usr/local'
program_transform_name='s,x,x,'
sbindir='${exec_prefix}/sbin'
sharedstatedir='${prefix}/com'
sysconfdir='${prefix}/etc'
target_alias=''

## ----------- ##
## confdefs.h. ##
## ----------- ##

#define HAVE_DLFCN_H 1
#define HAVE_INTTYPES_H 1
#define HAVE_LIBM 1
#define HAVE_LIBTIFF 1
#define HAVE_MEMORY_H 1
#define HAVE_STDINT_H 1
#define HAVE_STDLIB_H 1
#define HAVE_STRINGS_H 1
#define HAVE_STRING_H 1
#define HAVE_SYS_STAT_H 1
#define HAVE_SYS_TYPES_H 1
#define HAVE_TIFFIO_H 1
#define HAVE_UNISTD_H 1
#define PACKAGE "grayscale"
#define PACKAGE_BUGREPORT ""
#define PACKAGE_NAME ""
#define PACKAGE_STRING ""
#define PACKAGE_TARNAME ""
#define PACKAGE_VERSION ""
#define STDC_HEADERS 1
#define STDC_HEADERS 1
#define VERSION "0.1"
#endif
#ifdef __cplusplus
extern "C" void std::exit (int) throw (); using std::exit;

configure: exit 0
