This file contains any messages produced by compilers while
running configure, to aid debugging if configure makes a mistake.

It was created by configure, which was
generated by GNU Autoconf 2.57.  Invocation command line was

  $ ./configure 

## --------- ##
## Platform. ##
## --------- ##

hostname = deathstar
uname -m = i686
uname -r = 2.4.20
uname -s = Linux
uname -v = #3 Sun Mar 23 13:20:59 EST 2003

/usr/bin/uname -p = unknown
/bin/uname -X     = unknown

/bin/arch              = i686
/usr/bin/arch -k       = unknown
/usr/convex/getsysinfo = unknown
hostinfo               = unknown
/bin/machine           = unknown
/usr/bin/oslevel       = unknown
/bin/universe          = unknown

PATH: /sbin
PATH: /usr/sbin
PATH: /bin
PATH: /usr/bin
PATH: /usr/X11R6/bin
PATH: /usr/local/bin


## ----------- ##
## Core tests. ##
## ----------- ##

configure:1278: checking for a BSD-compatible install
configure:1332: result: /usr/bin/install -c
configure:1343: checking whether build environment is sane
configure:1386: result: yes
configure:1419: checking for gawk
configure:1448: result: no
configure:1419: checking for mawk
configure:1435: found /usr/bin/mawk
configure:1445: result: mawk
configure:1455: checking whether make sets $(MAKE)
configure:1475: result: yes
configure:1639: checking whether to enable maintainer-specific portions of Makefiles
configure:1648: result: no
configure:1716: checking for g++
configure:1732: found /usr/bin/g++
configure:1742: result: g++
configure:1758: checking for C++ compiler version
configure:1761: g++ --version </dev/null >&5
g++ (GCC) 3.2.3 20030331 (Debian prerelease)
Copyright (C) 2002 Free Software Foundation, Inc.
This is free software; see the source for copying conditions.  There is NO
warranty; not even for MERCHANTABILITY or FITNESS FOR A PARTICULAR PURPOSE.

configure:1764: $? = 0
configure:1766: g++ -v </dev/null >&5
Reading specs from /usr/lib/gcc-lib/i386-linux/3.2.3/specs
Configured with: ../src/configure -v --enable-languages=c,c++,java,f77,proto,pascal,objc,ada --prefix=/usr --mandir=/usr/share/man --infodir=/usr/share/info --with-gxx-include-dir=/usr/include/c++/3.2 --enable-shared --with-system-zlib --enable-nls --without-included-gettext --enable-__cxa_atexit --enable-clocale=gnu --enable-java-gc=boehm --enable-objc-gc i386-linux
Thread model: posix
gcc version 3.2.3 20030331 (Debian prerelease)
configure:1769: $? = 0
configure:1771: g++ -V </dev/null >&5
g++: argument to `-V' missing

configure:1774: $? = 1
configure:1798: checking for C++ compiler default output
configure:1801: g++    conftest.cc  >&5
configure:1804: $? = 0
configure:1850: result: a.out
configure:1855: checking whether the C++ compiler works
configure:1861: ./a.out
configure:1864: $? = 0
configure:1881: result: yes
configure:1888: checking whether we are cross compiling
configure:1890: result: no
configure:1893: checking for suffix of executables
configure:1895: g++ -o conftest    conftest.cc  >&5
configure:1898: $? = 0
configure:1923: result: 
configure:1929: checking for suffix of object files
configure:1951: g++ -c   conftest.cc >&5
configure:1954: $? = 0
configure:1976: result: o
configure:1980: checking whether we are using the GNU C++ compiler
configure:2005: g++ -c   conftest.cc >&5
configure:2008: $? = 0
configure:2011: test -s conftest.o
configure:2014: $? = 0
configure:2027: result: yes
configure:2033: checking whether g++ accepts -g
configure:2055: g++ -c -g  conftest.cc >&5
configure:2058: $? = 0
configure:2061: test -s conftest.o
configure:2064: $? = 0
configure:2075: result: yes
configure:2119: g++ -c -g -O2  conftest.cc >&5
configure:2122: $? = 0
configure:2125: test -s conftest.o
configure:2128: $? = 0
configure:2155: g++ -c -g -O2  conftest.cc >&5
configure: In function `int main()':
configure:2152: `exit' undeclared (first use this function)
configure:2152: (Each undeclared identifier is reported only once for each 
   function it appears in.)
configure:2158: $? = 1
configure: failed program was:
| #line 2138 "configure"
| /* confdefs.h.  */
| 
| #define PACKAGE_NAME ""
| #define PACKAGE_TARNAME ""
| #define PACKAGE_VERSION ""
| #define PACKAGE_STRING ""
| #define PACKAGE_BUGREPORT ""
| #define PACKAGE "x86info-wx"
| #define VERSION "0.1"
| /* end confdefs.h.  */
| 
| int
| main ()
| {
| exit (42);
|   ;
|   return 0;
| }
configure:2119: g++ -c -g -O2  conftest.cc >&5
configure:2122: $? = 0
configure:2125: test -s conftest.o
configure:2128: $? = 0
configure:2155: g++ -c -g -O2  conftest.cc >&5
configure:2158: $? = 0
configure:2161: test -s conftest.o
configure:2164: $? = 0
configure:2197: checking for style of include used by make
configure:2225: result: GNU
configure:2253: checking dependency style of g++
configure:2321: result: gcc3
configure:2350: checking for a BSD-compatible install
configure:2404: result: /usr/bin/install -c
configure:2461: checking for gcc
configure:2477: found /usr/bin/gcc
configure:2487: result: gcc
configure:2731: checking for C compiler version
configure:2734: gcc --version </dev/null >&5
gcc (GCC) 3.2.3 20030331 (Debian prerelease)
Copyright (C) 2002 Free Software Foundation, Inc.
This is free software; see the source for copying conditions.  There is NO
warranty; not even for MERCHANTABILITY or FITNESS FOR A PARTICULAR PURPOSE.

configure:2737: $? = 0
configure:2739: gcc -v </dev/null >&5
Reading specs from /usr/lib/gcc-lib/i386-linux/3.2.3/specs
Configured with: ../src/configure -v --enable-languages=c,c++,java,f77,proto,pascal,objc,ada --prefix=/usr --mandir=/usr/share/man --infodir=/usr/share/info --with-gxx-include-dir=/usr/include/c++/3.2 --enable-shared --with-system-zlib --enable-nls --without-included-gettext --enable-__cxa_atexit --enable-clocale=gnu --enable-java-gc=boehm --enable-objc-gc i386-linux
Thread model: posix
gcc version 3.2.3 20030331 (Debian prerelease)
configure:2742: $? = 0
configure:2744: gcc -V </dev/null >&5
gcc: argument to `-V' is missing
configure:2747: $? = 1
configure:2750: checking whether we are using the GNU C compiler
configure:2775: gcc -c   conftest.c >&5
configure:2778: $? = 0
configure:2781: test -s conftest.o
configure:2784: $? = 0
configure:2797: result: yes
configure:2803: checking whether gcc accepts -g
configure:2825: gcc -c -g  conftest.c >&5
configure:2828: $? = 0
configure:2831: test -s conftest.o
configure:2834: $? = 0
configure:2845: result: yes
configure:2862: checking for gcc option to accept ANSI C
configure:2923: gcc  -c -g -O2  conftest.c >&5
configure:2926: $? = 0
configure:2929: test -s conftest.o
configure:2932: $? = 0
configure:2950: result: none needed
configure:2968: gcc -c -g -O2  conftest.c >&5
conftest.c:2: syntax error before "me"
configure:2971: $? = 1
configure: failed program was:
| #ifndef __cplusplus
|   choke me
| #endif
configure:3082: checking dependency style of gcc
configure:3150: result: gcc3
configure:3178: checking for atan in -lm
configure:3209: gcc -o conftest -g -O2   conftest.c -lm   >&5
configure:3212: $? = 0
configure:3215: test -s conftest
configure:3218: $? = 0
configure:3230: result: yes
configure:3243: checking for XAllowDeviceEvents in -lXi
configure:3274: gcc -o conftest -g -O2   conftest.c -lXi  -lm  >&5
/usr/bin/ld: cannot find -lXi
collect2: ld returned 1 exit status
configure:3277: $? = 1
configure: failed program was:
| #line 3250 "configure"
| /* confdefs.h.  */
| 
| #define PACKAGE_NAME ""
| #define PACKAGE_TARNAME ""
| #define PACKAGE_VERSION ""
| #define PACKAGE_STRING ""
| #define PACKAGE_BUGREPORT ""
| #define PACKAGE "x86info-wx"
| #define VERSION "0.1"
| #ifdef __cplusplus
| #include <stdlib.h>
| #endif
| #define HAVE_LIBM 1
| /* end confdefs.h.  */
| 
| /* Override any gcc2 internal prototype to avoid an error.  */
| #ifdef __cplusplus
| extern "C"
| #endif
| /* We use char because int might match the return type of a gcc2
|    builtin and then its argument prototype would still apply.  */
| char XAllowDeviceEvents ();
| int
| main ()
| {
| XAllowDeviceEvents ();
|   ;
|   return 0;
| }
configure:3295: result: no
configure:3308: checking for XGetVisualInfo in -lXext
configure:3339: gcc -o conftest -g -O2   conftest.c -lXext  -lm  >&5
/usr/bin/ld: cannot find -lXext
collect2: ld returned 1 exit status
configure:3342: $? = 1
configure: failed program was:
| #line 3315 "configure"
| /* confdefs.h.  */
| 
| #define PACKAGE_NAME ""
| #define PACKAGE_TARNAME ""
| #define PACKAGE_VERSION ""
| #define PACKAGE_STRING ""
| #define PACKAGE_BUGREPORT ""
| #define PACKAGE "x86info-wx"
| #define VERSION "0.1"
| #ifdef __cplusplus
| #include <stdlib.h>
| #endif
| #define HAVE_LIBM 1
| /* end confdefs.h.  */
| 
| /* Override any gcc2 internal prototype to avoid an error.  */
| #ifdef __cplusplus
| extern "C"
| #endif
| /* We use char because int might match the return type of a gcc2
|    builtin and then its argument prototype would still apply.  */
| char XGetVisualInfo ();
| int
| main ()
| {
| XGetVisualInfo ();
|   ;
|   return 0;
| }
configure:3360: result: no
configure:3373: checking for XFreeFontInfo in -lX11
configure:3404: gcc -o conftest -g -O2   conftest.c -lX11  -lm  >&5
/usr/bin/ld: cannot find -lX11
collect2: ld returned 1 exit status
configure:3407: $? = 1
configure: failed program was:
| #line 3380 "configure"
| /* confdefs.h.  */
| 
| #define PACKAGE_NAME ""
| #define PACKAGE_TARNAME ""
| #define PACKAGE_VERSION ""
| #define PACKAGE_STRING ""
| #define PACKAGE_BUGREPORT ""
| #define PACKAGE "x86info-wx"
| #define VERSION "0.1"
| #ifdef __cplusplus
| #include <stdlib.h>
| #endif
| #define HAVE_LIBM 1
| /* end confdefs.h.  */
| 
| /* Override any gcc2 internal prototype to avoid an error.  */
| #ifdef __cplusplus
| extern "C"
| #endif
| /* We use char because int might match the return type of a gcc2
|    builtin and then its argument prototype would still apply.  */
| char XFreeFontInfo ();
| int
| main ()
| {
| XFreeFontInfo ();
|   ;
|   return 0;
| }
configure:3425: result: no
configure:3438: checking for wxTheApp in -lwx_gtk-2.4
configure:3469: gcc -o conftest -g -O2   conftest.c -lwx_gtk-2.4  -lm  >&5
configure:3472: $? = 0
configure:3475: test -s conftest
configure:3478: $? = 0
configure:3490: result: yes
configure:3507: checking how to run the C preprocessor
configure:3543: gcc -E  conftest.c
configure:3549: $? = 0
configure:3581: gcc -E  conftest.c
configure:3587:28: ac_nonexistent.h: No such file or directory
configure:3587: $? = 1
configure: failed program was:
| #line 3572 "configure"
| /* confdefs.h.  */
| 
| #define PACKAGE_NAME ""
| #define PACKAGE_TARNAME ""
| #define PACKAGE_VERSION ""
| #define PACKAGE_STRING ""
| #define PACKAGE_BUGREPORT ""
| #define PACKAGE "x86info-wx"
| #define VERSION "0.1"
| #ifdef __cplusplus
| #include <stdlib.h>
| #endif
| #define HAVE_LIBM 1
| #define HAVE_LIBWX_GTK_2_4 1
| /* end confdefs.h.  */
| #include <ac_nonexistent.h>
configure:3625: result: gcc -E
configure:3650: gcc -E  conftest.c
configure:3656: $? = 0
configure:3688: gcc -E  conftest.c
configure:3694:28: ac_nonexistent.h: No such file or directory
configure:3694: $? = 1
configure: failed program was:
| #line 3679 "configure"
| /* confdefs.h.  */
| 
| #define PACKAGE_NAME ""
| #define PACKAGE_TARNAME ""
| #define PACKAGE_VERSION ""
| #define PACKAGE_STRING ""
| #define PACKAGE_BUGREPORT ""
| #define PACKAGE "x86info-wx"
| #define VERSION "0.1"
| #ifdef __cplusplus
| #include <stdlib.h>
| #endif
| #define HAVE_LIBM 1
| #define HAVE_LIBWX_GTK_2_4 1
| /* end confdefs.h.  */
| #include <ac_nonexistent.h>
configure:3737: checking for egrep
configure:3747: result: grep -E
configure:3752: checking for ANSI C header files
configure:3778: gcc -c -g -O2  conftest.c >&5
configure:3781: $? = 0
configure:3784: test -s conftest.o
configure:3787: $? = 0
configure:3876: gcc -o conftest -g -O2   conftest.c -lwx_gtk-2.4 -lm  >&5
configure:3879: $? = 0
configure:3881: ./conftest
configure:3884: $? = 0
configure:3899: result: yes
configure:4076: creating ./config.status

## ---------------------- ##
## Running config.status. ##
## ---------------------- ##

This file was extended by config.status, which was
generated by GNU Autoconf 2.57.  Invocation command line was

  CONFIG_FILES    = 
  CONFIG_HEADERS  = 
  CONFIG_LINKS    = 
  CONFIG_COMMANDS = 
  $ ./config.status 

on deathstar

config.status:655: creating Makefile
config.status:780: executing depfiles commands

## ---------------- ##
## Cache variables. ##
## ---------------- ##

ac_cv_c_compiler_gnu=yes
ac_cv_cxx_compiler_gnu=yes
ac_cv_env_CC_set=
ac_cv_env_CC_value=
ac_cv_env_CFLAGS_set=
ac_cv_env_CFLAGS_value=
ac_cv_env_CPPFLAGS_set=
ac_cv_env_CPPFLAGS_value=
ac_cv_env_CPP_set=
ac_cv_env_CPP_value=
ac_cv_env_CXXFLAGS_set=
ac_cv_env_CXXFLAGS_value=
ac_cv_env_CXX_set=
ac_cv_env_CXX_value=
ac_cv_env_LDFLAGS_set=
ac_cv_env_LDFLAGS_value=
ac_cv_env_build_alias_set=
ac_cv_env_build_alias_value=
ac_cv_env_host_alias_set=
ac_cv_env_host_alias_value=
ac_cv_env_target_alias_set=
ac_cv_env_target_alias_value=
ac_cv_exeext=
ac_cv_header_stdc=yes
ac_cv_lib_X11_XFreeFontInfo=no
ac_cv_lib_Xext_XGetVisualInfo=no
ac_cv_lib_Xi_XAllowDeviceEvents=no
ac_cv_lib_m_atan=yes
ac_cv_lib_wx_gtk_2_4_wxTheApp=yes
ac_cv_objext=o
ac_cv_path_install='/usr/bin/install -c'
ac_cv_prog_AWK=mawk
ac_cv_prog_CPP='gcc -E'
ac_cv_prog_ac_ct_CC=gcc
ac_cv_prog_ac_ct_CXX=g++
ac_cv_prog_cc_g=yes
ac_cv_prog_cc_stdc=
ac_cv_prog_cxx_g=yes
ac_cv_prog_egrep='grep -E'
ac_cv_prog_make_make_set=yes
am_cv_CC_dependencies_compiler_type=gcc3
am_cv_CXX_dependencies_compiler_type=gcc3

## ----------------- ##
## Output variables. ##
## ----------------- ##

ACLOCAL='${SHELL} /home/mikal/opensource/x86info-wx/wx/config/missing --run aclocal-1.7'
AMDEPBACKSLASH='\'
AMDEP_FALSE='#'
AMDEP_TRUE=''
AMTAR='${SHELL} /home/mikal/opensource/x86info-wx/wx/config/missing --run tar'
AUTOCONF='${SHELL} /home/mikal/opensource/x86info-wx/wx/config/missing --run autoconf'
AUTOHEADER='${SHELL} /home/mikal/opensource/x86info-wx/wx/config/missing --run autoheader'
AUTOMAKE='${SHELL} /home/mikal/opensource/x86info-wx/wx/config/missing --run automake-1.7'
AWK='mawk'
CC='gcc'
CCAS='$(CC)'
CCASFLAGS='$(CFLAGS)'
CCDEPMODE='depmode=gcc3'
CFLAGS='-g -O2'
CPP='gcc -E'
CPPFLAGS=''
CXX='g++'
CXXDEPMODE='depmode=gcc3'
CXXFLAGS='-g -O2'
CYGPATH_W='echo'
DEFS='-DPACKAGE_NAME=\"\" -DPACKAGE_TARNAME=\"\" -DPACKAGE_VERSION=\"\" -DPACKAGE_STRING=\"\" -DPACKAGE_BUGREPORT=\"\" -DPACKAGE=\"x86info-wx\" -DVERSION=\"0.1\" -DHAVE_LIBM=1 -DHAVE_LIBWX_GTK_2_4=1 -DSTDC_HEADERS=1 -D__WXGTK__=1 -D_GNU_SOURCE=1 '
DEPDIR='.deps'
ECHO_C=''
ECHO_N='-n'
ECHO_T=''
EGREP='grep -E'
EXEEXT=''
INSTALL_DATA='${INSTALL} -m 644'
INSTALL_PROGRAM='${INSTALL}'
INSTALL_SCRIPT='${INSTALL}'
INSTALL_STRIP_PROGRAM='${SHELL} $(install_sh) -c -s'
LDFLAGS=''
LIBOBJS=''
LIBS='-lwx_gtk-2.4 -lm '
LTLIBOBJS=''
MAINT='#'
MAINTAINER_MODE_FALSE=''
MAINTAINER_MODE_TRUE='#'
MAKEINFO='${SHELL} /home/mikal/opensource/x86info-wx/wx/config/missing --run makeinfo'
OBJEXT='o'
PACKAGE='x86info-wx'
PACKAGE_BUGREPORT=''
PACKAGE_NAME=''
PACKAGE_STRING=''
PACKAGE_TARNAME=''
PACKAGE_VERSION=''
PATH_SEPARATOR=':'
SET_MAKE=''
SHELL='/bin/sh'
STRIP=''
VERSION='0.1'
ac_ct_CC='gcc'
ac_ct_CXX='g++'
ac_ct_STRIP=''
am__fastdepCC_FALSE='#'
am__fastdepCC_TRUE=''
am__fastdepCXX_FALSE='#'
am__fastdepCXX_TRUE=''
am__include='include'
am__leading_dot='.'
am__quote=''
bindir='${exec_prefix}/bin'
build_alias=''
datadir='${prefix}/share'
exec_prefix='${prefix}'
host_alias=''
includedir='${prefix}/include'
infodir='${prefix}/info'
install_sh='/home/mikal/opensource/x86info-wx/wx/config/install-sh'
libdir='${exec_prefix}/lib'
libexecdir='${exec_prefix}/libexec'
localstatedir='${prefix}/var'
mandir='${prefix}/man'
oldincludedir='/usr/include'
prefix='/usr/local'
program_transform_name='s,x,x,'
sbindir='${exec_prefix}/sbin'
sharedstatedir='${prefix}/com'
sysconfdir='${prefix}/etc'
target_alias=''

## ----------- ##
## confdefs.h. ##
## ----------- ##

#define HAVE_LIBM 1
#define HAVE_LIBWX_GTK_2_4 1
#define PACKAGE "x86info-wx"
#define PACKAGE_BUGREPORT ""
#define PACKAGE_NAME ""
#define PACKAGE_STRING ""
#define PACKAGE_TARNAME ""
#define PACKAGE_VERSION ""
#define STDC_HEADERS 1
#define VERSION "0.1"
#define _GNU_SOURCE 1
#define __WXGTK__ 1
#endif
#ifdef __cplusplus
#include <stdlib.h>

configure: exit 0
