This file contains any messages produced by compilers while
running configure, to aid debugging if configure makes a mistake.

configure:570: checking for a BSD compatible install
configure:623: checking whether build environment is sane
configure:680: checking whether make sets ${MAKE}
configure:726: checking for working aclocal
configure:739: checking for working autoconf
configure:752: checking for working automake
configure:765: checking for working autoheader
configure:778: checking for working makeinfo
configure:792: checking whether to enable maintainer-specific portions of Makefiles
configure:821: checking for gcc
configure:934: checking whether the C compiler (gcc  ) works
configure:950: gcc -o conftest    conftest.c  1>&5
configure:976: checking whether the C compiler (gcc  ) is a cross-compiler
configure:981: checking whether we are using GNU C
configure:1009: checking whether gcc accepts -g
configure:1041: checking how to run the C preprocessor
configure:1126: checking for flex
configure:1159: checking for flex
configure:1193: checking for yywrap in -lfl
configure:1235: checking lex output file root
configure:1256: checking whether yytext is a pointer
configure:1301: checking for bison
configure:1343: checking for a BSD compatible install
configure:1398: checking for ranlib
configure:1501: checking host system type
configure:1522: checking build system type
configure:1551: checking for ld used by GCC
configure:1614: checking if the linker (/usr/bin/ld) is GNU ld
configure:1630: checking for BSD-compatible nm
configure:1667: checking whether ln -s works
ltconfig:603: checking for object suffix
ltconfig:604: gcc -c -g -O2  conftest.c 1>&5
ltconfig:776: checking if gcc PIC flag -fPIC works
ltconfig:777: gcc -c -g -O2 -fPIC -DPIC  conftest.c 1>&5
ltconfig:829: checking if gcc supports -c -o file.o
ltconfig:830: gcc -c -g -O2 -o out/conftest2.o  conftest.c 1>&5
ltconfig:862: checking if gcc supports -c -o file.lo
ltconfig:863: gcc -c -g -O2 -c -o conftest.lo  conftest.c 1>&5
ltconfig:914: checking if gcc supports -fno-rtti -fno-exceptions
ltconfig:915: gcc -c -g -O2 -fno-rtti -fno-exceptions -c conftest.c  conftest.c 1>&5
ltconfig:958: checking if gcc static flag -static works
ltconfig:959: gcc -o conftest -g -O2   -static conftest.c  1>&5
GNU ld version 2.10.91 (with BFD 2.10.91.0.2)
ltconfig:1635: checking if global_symbol_pipe works
ltconfig:1636: gcc -c -g -O2  conftest.c 1>&5
ltconfig:1639: eval "/usr/bin/nm -B conftest.o | sed -n -e 's/^.*[ 	]\([ABCDGISTW]\)[ 	][ 	]*\(\)\([_A-Za-z][_A-Za-z0-9]*\)$/\1 \2\3 \3/p' > conftest.nm"
ltconfig:1691: gcc -o conftest -g -O2 -fno-builtin -fno-rtti -fno-exceptions   conftest.c conftstm.o 1>&5
ltconfig:2452: checking for dlfcn.h
ltconfig:2490: checking whether a program can dlopen itself
ltconfig:2563: checking whether a statically linked program can dlopen itself
configure:2074: checking for atan in -lm
configure:2122: checking for uncompress in -lz
configure:2170: checking for yywrap in -lfl
configure:2218: checking for ANSI C header files
