Starting up...
sending aaaa010000010102000159, poll 1
sending aaaa010000010102000159, poll 2
sending aaaa010000010102000159, poll 3
sending aaaa010000010102000159, poll 4
sending aaaa010000010102000159, poll 5
sending aaaa010000010102000159, poll 6
sending aaaa010000010102000159, poll 7
sending aaaa010000010102000159, poll 8
sending aaaa010000010102000159, poll 9
sending aaaa010000010102000159, poll 10
sending aaaa010000010102000159, poll 11
sending aaaa010000010102000159, poll 12
sending aaaa010000010102000159, poll 13
sending aaaa010000010102000159, poll 14
sending aaaa010000010102000159, poll 15
sending aaaa010000010102000159, poll 16
sending aaaa010000010102000159, poll 17
sending aaaa010000010102000159, poll 18
sending aaaa010000010102000159, poll 19
sending serial request: aaaa010000000000000155
seen: aaaa0000010000800a303931325530303938300401
Serial found: aaaa0000010000800a303931325530303938300401
checksum 546
.. responding with aaaa0100000000010b30393132553030393830010384 
confirming serial number: aaaa0100000000010b
seen: aaaa000101000081010601de
Response found: aaaa000101000081010601de
sending aaaa010000010102000159, poll 20
hex: aaaa00010100018228008c08be00330962139204af00000000007a0000001200010000000000000000000000000000000005d6
parsing data...
temp: 14 deg C
Vdc: 223.8 V
Iac: 5.1 A
Vac: 240.2 V
Fac: 50.1 Hz
Pac: 1199 W
kWh: 12.2 kWh
run: 18 hours
mod: 1
sending aaaa010000010102000159, poll 1
hex: aaaa00010100018228009308cb00330958139304b000000000007a0000001200010000000000000000000000000000000005e2
parsing data...
temp: 14.7 deg C
Vdc: 225.1 V
Iac: 5.1 A
Vac: 239.2 V
Fac: 50.11 Hz
Pac: 1200 W
kWh: 12.2 kWh
run: 18 hours
mod: 1
sending aaaa010000010102000159, poll 1
hex: aaaa0001010001822800a508d4002709581392039100000000007a0000001200010000000000000000000000000000000005d0
parsing data...
temp: 16.5 deg C
Vdc: 226 V
Iac: 3.9 A
Vac: 239.2 V
Fac: 50.1 Hz
Pac: 913 W
kWh: 12.2 kWh
run: 18 hours
mod: 1
sending aaaa010000010102000159, poll 1
hex: aaaa00010100018228009308fb0031096c1393049100000000007a000000120001000000000000000000000000000000000605
parsing data...
temp: 14.7 deg C
Vdc: 229.9 V
Iac: 4.9 A
Vac: 241.2 V
Fac: 50.11 Hz
Pac: 1169 W
kWh: 12.2 kWh
run: 18 hours
mod: 1
sending aaaa010000010102000159, poll 1
hex: aaaa0001010001822800a50906002b09751393041200000000007a0000001200010000000000000000000000000000000004a7
parsing data...
temp: 16.5 deg C
Vdc: 231 V
Iac: 4.3 A
Vac: 242.1 V
Fac: 50.11 Hz
Pac: 1042 W
kWh: 12.2 kWh
run: 18 hours
mod: 1
sending aaaa010000010102000159, poll 1
hex: aaaa00010100018228008f092d0017094e1390021200000000007a000000120001000000000000000000000000000000000478
parsing data...
temp: 14.3 deg C
Vdc: 234.9 V
Iac: 2.3 A
Vac: 238.2 V
Fac: 50.08 Hz
Pac: 530 W
kWh: 12.2 kWh
run: 18 hours
mod: 1
sending aaaa010000010102000159, poll 1
hex: aaaa00010100018228009308c1001709581391022400000000007a00000012000100000000000000000000000000000000052c
parsing data...
temp: 14.7 deg C
Vdc: 224.1 V
Iac: 2.3 A
Vac: 239.2 V
Fac: 50.09 Hz
Pac: 548 W
kWh: 12.2 kWh
run: 18 hours
mod: 1
sending aaaa010000010102000159, poll 1
hex: aaaa00010100018228009e0966002309581391031600000000007a0000001200010000000000000000000000000000000004dc
parsing data...
temp: 15.8 deg C
Vdc: 240.6 V
Iac: 3.5 A
Vac: 239.2 V
Fac: 50.09 Hz
Pac: 790 W
kWh: 12.2 kWh
run: 18 hours
mod: 1
sending aaaa010000010102000159, poll 1
hex: aaaa000101000182280097092a002f096c1392049300000000007a000000120001000000000000000000000000000000000538
parsing data...
temp: 15.1 deg C
Vdc: 234.6 V
Iac: 4.7 A
Vac: 241.2 V
Fac: 50.1 Hz
Pac: 1171 W
kWh: 12.2 kWh
run: 18 hours
mod: 1
sending aaaa010000010102000159, poll 1
hex: aaaa00010100018228009e08cf003009621390048a00000000007b0000001200010000000000000000000000000000000005d0
parsing data...
temp: 15.8 deg C
Vdc: 225.5 V
Iac: 4.8 A
Vac: 240.2 V
Fac: 50.08 Hz
Pac: 1162 W
kWh: 12.3 kWh
run: 18 hours
mod: 1
sending aaaa010000010102000159, poll 1
hex: aaaa0001010001822800ad09080029096c139103ed00000000007b00000012000100000000000000000000000000000000057f
parsing data...
temp: 17.3 deg C
Vdc: 231.2 V
Iac: 4.1 A
Vac: 241.2 V
Fac: 50.09 Hz
Pac: 1005 W
kWh: 12.3 kWh
run: 18 hours
mod: 1
sending aaaa010000010102000159, poll 1
hex: aaaa00010100018228009a0924001d0945139002d200000000007b000000120001000000000000000000000000000000000538
parsing data...
temp: 15.4 deg C
Vdc: 234 V
Iac: 2.9 A
Vac: 237.3 V
Fac: 50.08 Hz
Pac: 722 W
kWh: 12.3 kWh
run: 18 hours
mod: 1
sending aaaa010000010102000159, poll 1
hex: aaaa0001010001822800a508e20016094e139001f700000000007b000000120001000000000000000000000000000000000626
parsing data...
temp: 16.5 deg C
Vdc: 227.4 V
Iac: 2.2 A
Vac: 238.2 V
Fac: 50.08 Hz
Pac: 503 W
kWh: 12.3 kWh
run: 18 hours
mod: 1
sending aaaa010000010102000159, poll 1
hex: aaaa00010100018228009e08f10027094e138d03b200000000007b0000001200010000000000000000000000000000000005f9
parsing data...
temp: 15.8 deg C
Vdc: 228.9 V
Iac: 3.9 A
Vac: 238.2 V
Fac: 50.05 Hz
Pac: 946 W
kWh: 12.3 kWh
run: 18 hours
mod: 1
sending aaaa010000010102000159, poll 1
hex: aaaa0001010001822800a90934001f094e138f02e100000000007b000000120001000000000000000000000000000000000570
parsing data...
temp: 16.9 deg C
Vdc: 235.6 V
Iac: 3.1 A
Vac: 238.2 V
Fac: 50.07 Hz
Pac: 737 W
kWh: 12.3 kWh
run: 18 hours
mod: 1
sending aaaa010000010102000159, poll 1
hex: aaaa00010100018228009e08d700290958138e03c100000000007b0000001200010000000000000000000000000000000005fb
parsing data...
temp: 15.8 deg C
Vdc: 226.3 V
Iac: 4.1 A
Vac: 239.2 V
Fac: 50.06 Hz
Pac: 961 W
kWh: 12.3 kWh
run: 18 hours
mod: 1
sending aaaa010000010102000159, poll 1
hex: aaaa0001010001822800a908f4001b09621390028700000000007b0000001200010000000000000000000000000000000005e6
parsing data...
temp: 16.9 deg C
Vdc: 229.2 V
Iac: 2.7 A
Vac: 240.2 V
Fac: 50.08 Hz
Pac: 647 W
kWh: 12.3 kWh
run: 18 hours
mod: 1
sending aaaa010000010102000159, poll 1
hex: aaaa00010100018228009a092c00270945139303cf00000000007b00000012000100000000000000000000000000000000054b
parsing data...
temp: 15.4 deg C
Vdc: 234.8 V
Iac: 3.9 A
Vac: 237.3 V
Fac: 50.11 Hz
Pac: 975 W
kWh: 12.3 kWh
run: 18 hours
mod: 1
sending aaaa010000010102000159, poll 1
hex: aaaa0001010001822800a508ea001c0945138f02a400000000007b0000001200010000000000000000000000000000000005d8
parsing data...
temp: 16.5 deg C
Vdc: 228.2 V
Iac: 2.8 A
Vac: 237.3 V
Fac: 50.07 Hz
Pac: 676 W
kWh: 12.3 kWh
run: 18 hours
mod: 1
sending aaaa010000010102000159, poll 1
hex: aaaa0001010001822800ad08c8002409581391033600000000007b00000012000100000000000000000000000000000000056e
parsing data...
temp: 17.3 deg C
Vdc: 224.8 V
Iac: 3.6 A
Vac: 239.2 V
Fac: 50.09 Hz
Pac: 822 W
kWh: 12.3 kWh
run: 18 hours
mod: 1
sending aaaa010000010102000159, poll 1
hex: aaaa0001010001822800ad08ca001b094e1390026c00000000007b000000120001000000000000000000000000000000000591
parsing data...
temp: 17.3 deg C
Vdc: 225 V
Iac: 2.7 A
Vac: 238.2 V
Fac: 50.08 Hz
Pac: 620 W
kWh: 12.3 kWh
run: 18 hours
mod: 1
sending aaaa010000010102000159, poll 1
hex: aaaa0001010001822800b00900001c0958138f029900000000007b000000120001000000000000000000000000000000000502
parsing data...
temp: 17.6 deg C
Vdc: 230.4 V
Iac: 2.8 A
Vac: 239.2 V
Fac: 50.07 Hz
Pac: 665 W
kWh: 12.3 kWh
run: 18 hours
mod: 1
sending aaaa010000010102000159, poll 1
hex: aaaa0001010001822800a50956002a094e138f03d100000000007b00000012000100000000000000000000000000000000058a
parsing data...
temp: 16.5 deg C
Vdc: 239 V
Iac: 4.2 A
Vac: 238.2 V
Fac: 50.07 Hz
Pac: 977 W
kWh: 12.3 kWh
run: 18 hours
mod: 1
sending aaaa010000010102000159, poll 1
hex: aaaa0001010001822800a209110023094e138e035800000000007b0000001200010000000000000000000000000000000004c1
parsing data...
temp: 16.2 deg C
Vdc: 232.1 V
Iac: 3.5 A
Vac: 238.2 V
Fac: 50.06 Hz
Pac: 856 W
kWh: 12.3 kWh
run: 18 hours
mod: 1
sending aaaa010000010102000159, poll 1
hex: aaaa0001010001822800a90930001a0958138e024500000000007b0000001200010000000000000000000000000000000004d4
parsing data...
temp: 16.9 deg C
Vdc: 235.2 V
Iac: 2.6 A
Vac: 239.2 V
Fac: 50.06 Hz
Pac: 581 W
kWh: 12.3 kWh
run: 18 hours
mod: 1
sending aaaa010000010102000159, poll 1
hex: aaaa0001010001822800a9090e002309621390037300000000007b0000001200010000000000000000000000000000000004f6
parsing data...
temp: 16.9 deg C
Vdc: 231.8 V
Iac: 3.5 A
Vac: 240.2 V
Fac: 50.08 Hz
Pac: 883 W
kWh: 12.3 kWh
run: 18 hours
mod: 1
sending aaaa010000010102000159, poll 1
hex: aaaa0001010001822800a908f1001809581390022f00000000007b00000012000100000000000000000000000000000000057e
parsing data...
temp: 16.9 deg C
Vdc: 228.9 V
Iac: 2.4 A
Vac: 239.2 V
Fac: 50.08 Hz
Pac: 559 W
kWh: 12.3 kWh
run: 18 hours
mod: 1
sending aaaa010000010102000159, poll 1
hex: aaaa0001010001822800ad08c80015094e139101fa00000000007b000000120001000000000000000000000000000000000617
parsing data...
temp: 17.3 deg C
Vdc: 224.8 V
Iac: 2.1 A
Vac: 238.2 V
Fac: 50.09 Hz
Pac: 506 W
kWh: 12.3 kWh
run: 18 hours
mod: 1
sending aaaa010000010102000159, poll 1
hex: aaaa0001010001822800ad08e1001709581392024400000000007b000000120001000000000000000000000000000000000588
parsing data...
temp: 17.3 deg C
Vdc: 227.3 V
Iac: 2.3 A
Vac: 239.2 V
Fac: 50.1 Hz
Pac: 580 W
kWh: 12.3 kWh
run: 18 hours
mod: 1
sending aaaa010000010102000159, poll 1
hex: aaaa0001010001822800b008a600130958139201c300000000007b0000001200010000000000000000000000000000000005ca
parsing data...
temp: 17.6 deg C
Vdc: 221.4 V
Iac: 1.9 A
Vac: 239.2 V
Fac: 50.1 Hz
Pac: 451 W
kWh: 12.3 kWh
run: 18 hours
mod: 1
sending aaaa010000010102000159, poll 1
hex: aaaa0001010001822800a908b800130962138f01b800000000007b0000001200010000000000000000000000000000000005d1
parsing data...
temp: 16.9 deg C
Vdc: 223.2 V
Iac: 1.9 A
Vac: 240.2 V
Fac: 50.07 Hz
Pac: 440 W
kWh: 12.3 kWh
run: 18 hours
mod: 1
sending aaaa010000010102000159, poll 1
hex: aaaa0001010001822800b0089e00150958139001e900000000007b0000001200010000000000000000000000000000000005e8
parsing data...
temp: 17.6 deg C
Vdc: 220.6 V
Iac: 2.1 A
Vac: 239.2 V
Fac: 50.08 Hz
Pac: 489 W
kWh: 12.3 kWh
run: 18 hours
mod: 1
sending aaaa010000010102000159, poll 1
hex: aaaa0001010001822800a908d5001e0958139202b600000000007b0000001200010000000000000000000000000000000005f1
parsing data...
temp: 16.9 deg C
Vdc: 226.1 V
Iac: 3 A
Vac: 239.2 V
Fac: 50.1 Hz
Pac: 694 W
kWh: 12.3 kWh
run: 18 hours
mod: 1
sending aaaa010000010102000159, poll 1
hex: aaaa0001010001822800ad08f7001d09581391028e00000000007b0000001200010000000000000000000000000000000005ed
parsing data...
temp: 17.3 deg C
Vdc: 229.5 V
Iac: 2.9 A
Vac: 239.2 V
Fac: 50.09 Hz
Pac: 654 W
kWh: 12.3 kWh
run: 18 hours
mod: 1
sending aaaa010000010102000159, poll 1
hex: aaaa0001010001822800ad08d500180958138f025300000000007b000000120001000000000000000000000000000000000589
parsing data...
temp: 17.3 deg C
Vdc: 226.1 V
Iac: 2.4 A
Vac: 239.2 V
Fac: 50.07 Hz
Pac: 595 W
kWh: 12.3 kWh
run: 18 hours
mod: 1
sending aaaa010000010102000159, poll 1
hex: aaaa0001010001822800ad0901002c0958138e041400000000007b00000012000100000000000000000000000000000000048c
parsing data...
temp: 17.3 deg C
Vdc: 230.5 V
Iac: 4.4 A
Vac: 239.2 V
Fac: 50.06 Hz
Pac: 1044 W
kWh: 12.3 kWh
run: 18 hours
mod: 1
sending aaaa010000010102000159, poll 1
hex: aaaa0001010001822800ad090b00330958138e04af00000000007b000000120001000000000000000000000000000000000538
parsing data...
temp: 17.3 deg C
Vdc: 231.5 V
Iac: 5.1 A
Vac: 239.2 V
Fac: 50.06 Hz
Pac: 1199 W
kWh: 12.3 kWh
run: 18 hours
mod: 1
sending aaaa010000010102000159, poll 1
hex: aaaa0001010001822800b008ab003609621390050100000000007c00000012000100000000000000000000000000000000053d
parsing data...
temp: 17.6 deg C
Vdc: 221.9 V
Iac: 5.4 A
Vac: 240.2 V
Fac: 50.08 Hz
Pac: 1281 W
kWh: 12.4 kWh
run: 18 hours
mod: 1
sending aaaa010000010102000159, poll 1
hex: aaaa0001010001822800a908f8002f094e1390045b00000000007c0000001200010000000000000000000000000000000005c1
parsing data...
temp: 16.9 deg C
Vdc: 229.6 V
Iac: 4.7 A
Vac: 238.2 V
Fac: 50.08 Hz
Pac: 1115 W
kWh: 12.4 kWh
run: 18 hours
mod: 1
sending aaaa010000010102000159, poll 1
hex: aaaa0001010001822800b408e800200958138f02ff00000000007c000000120001000000000000000000000000000000000658
parsing data...
temp: 18 deg C
Vdc: 228 V
Iac: 3.2 A
Vac: 239.2 V
Fac: 50.07 Hz
Pac: 767 W
kWh: 12.4 kWh
run: 18 hours
mod: 1
sending aaaa010000010102000159, poll 1
hex: aaaa0001010001822800a5090e001a096c1392025d00000000007c0000001200010000000000000000000000000000000004df
parsing data...
temp: 16.5 deg C
Vdc: 231.8 V
Iac: 2.6 A
Vac: 241.2 V
Fac: 50.1 Hz
Pac: 605 W
kWh: 12.4 kWh
run: 18 hours
mod: 1
sending aaaa010000010102000159, poll 1
hex: aaaa0001010001822800b008b400140958139001d300000000007c0000001200010000000000000000000000000000000005e8
parsing data...
temp: 17.6 deg C
Vdc: 222.8 V
Iac: 2 A
Vac: 239.2 V
Fac: 50.08 Hz
Pac: 467 W
kWh: 12.4 kWh
run: 18 hours
mod: 1
sending aaaa010000010102000159, poll 1
hex: aaaa0001010001822800b408c80015094e138d020200000000007c000000120001000000000000000000000000000000000524
parsing data...
temp: 18 deg C
Vdc: 224.8 V
Iac: 2.1 A
Vac: 238.2 V
Fac: 50.05 Hz
Pac: 514 W
kWh: 12.4 kWh
run: 18 hours
mod: 1
