This file contains any messages produced by compilers while
running configure, to aid debugging if configure makes a mistake.

It was created by configure, which was
generated by GNU Autoconf 2.59.  Invocation command line was

  $ ./configure 

## --------- ##
## Platform. ##
## --------- ##

hostname = challenger
uname -m = i686
uname -r = 2.6.8-rc2
uname -s = Linux
uname -v = #2 Thu Nov 11 22:23:44 EST 2004

/usr/bin/uname -p = unknown
/bin/uname -X     = unknown

/bin/arch              = i686
/usr/bin/arch -k       = unknown
/usr/convex/getsysinfo = unknown
hostinfo               = unknown
/bin/machine           = unknown
/usr/bin/oslevel       = unknown
/bin/universe          = unknown

PATH: /usr/local/bin
PATH: /usr/bin
PATH: /bin
PATH: /usr/bin/X11
PATH: /usr/games
PATH: /usr/sbin
PATH: /sbin
PATH: /home/opensource/docbooktools
PATH: /home/opensource/cvstools
PATH: /home/opensource/linux-scripts
PATH: /home/opensource/autodocbook
PATH: /home/opensource/objectify
PATH: /home/opensource/usblogdump


## ----------- ##
## Core tests. ##
## ----------- ##

configure:1299: checking for a BSD-compatible install
configure:1354: result: /usr/bin/install -c
configure:1365: checking whether build environment is sane
configure:1408: result: yes
configure:1423: checking whether make sets $(MAKE)
configure:1443: result: yes
configure:1475: checking for working aclocal
configure:1482: result: found
configure:1490: checking for working autoconf
configure:1497: result: found
configure:1505: checking for working automake
configure:1512: result: found
configure:1520: checking for working autoheader
configure:1527: result: found
configure:1535: checking for working makeinfo
configure:1542: result: found
configure:1551: checking whether to enable maintainer-specific portions of Makefiles
configure:1560: result: no
configure:1621: checking for gcc
configure:1637: found /usr/bin/gcc
configure:1647: result: gcc
configure:1891: checking for C compiler version
configure:1894: gcc --version </dev/null >&5
gcc (GCC) 3.3.5 (Debian 1:3.3.5-2)
Copyright (C) 2003 Free Software Foundation, Inc.
This is free software; see the source for copying conditions.  There is NO
warranty; not even for MERCHANTABILITY or FITNESS FOR A PARTICULAR PURPOSE.

configure:1897: $? = 0
configure:1899: gcc -v </dev/null >&5
Reading specs from /usr/lib/gcc-lib/i486-linux/3.3.5/specs
Configured with: ../src/configure -v --enable-languages=c,c++,java,f77,pascal,objc,ada,treelang --prefix=/usr --mandir=/usr/share/man --infodir=/usr/share/info --with-gxx-include-dir=/usr/include/c++/3.3 --enable-shared --with-system-zlib --enable-nls --without-included-gettext --enable-__cxa_atexit --enable-clocale=gnu --enable-debug --enable-java-gc=boehm --enable-java-awt=xlib --enable-objc-gc i486-linux
Thread model: posix
gcc version 3.3.5 (Debian 1:3.3.5-2)
configure:1902: $? = 0
configure:1904: gcc -V </dev/null >&5
gcc: `-V' option must have argument
configure:1907: $? = 1
configure:1930: checking for C compiler default output file name
configure:1933: gcc    conftest.c  >&5
configure:1936: $? = 0
configure:1982: result: a.out
configure:1987: checking whether the C compiler works
configure:1993: ./a.out
configure:1996: $? = 0
configure:2013: result: yes
configure:2020: checking whether we are cross compiling
configure:2022: result: no
configure:2025: checking for suffix of executables
configure:2027: gcc -o conftest    conftest.c  >&5
configure:2030: $? = 0
configure:2055: result: 
configure:2061: checking for suffix of object files
configure:2082: gcc -c   conftest.c >&5
configure:2085: $? = 0
configure:2107: result: o
configure:2111: checking whether we are using the GNU C compiler
configure:2135: gcc -c   conftest.c >&5
configure:2141: $? = 0
configure:2144: test -z 			 || test ! -s conftest.err
configure:2147: $? = 0
configure:2150: test -s conftest.o
configure:2153: $? = 0
configure:2166: result: yes
configure:2172: checking whether gcc accepts -g
configure:2193: gcc -c -g  conftest.c >&5
configure:2199: $? = 0
configure:2202: test -z 			 || test ! -s conftest.err
configure:2205: $? = 0
configure:2208: test -s conftest.o
configure:2211: $? = 0
configure:2222: result: yes
configure:2239: checking for gcc option to accept ANSI C
configure:2309: gcc  -c -g -O2  conftest.c >&5
configure:2315: $? = 0
configure:2318: test -z 			 || test ! -s conftest.err
configure:2321: $? = 0
configure:2324: test -s conftest.o
configure:2327: $? = 0
configure:2345: result: none needed
configure:2363: gcc -c -g -O2  conftest.c >&5
conftest.c:2: error: parse error before "me"
configure:2369: $? = 1
configure: failed program was:
| #ifndef __cplusplus
|   choke me
| #endif
configure:2512: checking for a BSD-compatible install
configure:2567: result: /usr/bin/install -c
configure:2582: checking for atan in -lm
configure:2612: gcc -o conftest -g -O2   conftest.c -lm   >&5
configure:2618: $? = 0
configure:2621: test -z 			 || test ! -s conftest.err
configure:2624: $? = 0
configure:2627: test -s conftest
configure:2630: $? = 0
configure:2643: result: yes
configure:2656: checking for FT_Init_FreeType in -lfreetype
configure:2686: gcc -o conftest -g -O2   conftest.c -lfreetype  -lm  >&5
configure:2692: $? = 0
configure:2695: test -z 			 || test ! -s conftest.err
configure:2698: $? = 0
configure:2701: test -s conftest
configure:2704: $? = 0
configure:2717: result: yes
configure:2731: checking for freetype-config
configure:2749: found /usr/bin/freetype-config
configure:2762: result: /usr/bin/freetype-config
configure:2780: checking for png_init_io in -lpng
configure:2810: gcc -o conftest -g -O2 -g -O2 -I/usr/include/freetype2  conftest.c -lpng  -lfreetype -lm  >&5
configure:2816: $? = 0
configure:2819: test -z 			 || test ! -s conftest.err
configure:2822: $? = 0
configure:2825: test -s conftest
configure:2828: $? = 0
configure:2841: result: yes
configure:2854: checking for plot_newplot in -lmplot
configure:2884: gcc -o conftest -g -O2 -g -O2 -I/usr/include/freetype2  conftest.c -lmplot  -lpng -lfreetype -lm  >&5
configure:2890: $? = 0
configure:2893: test -z 			 || test ! -s conftest.err
configure:2896: $? = 0
configure:2899: test -s conftest
configure:2902: $? = 0
configure:2915: result: yes
configure:2932: checking how to run the C preprocessor
configure:2967: gcc -E -g -O2 -I/usr/include/freetype2 conftest.c
configure:2973: $? = 0
configure:3005: gcc -E -g -O2 -I/usr/include/freetype2 conftest.c
conftest.c:15:28: ac_nonexistent.h: No such file or directory
configure:3011: $? = 1
configure: failed program was:
| /* confdefs.h.  */
| 
| #define PACKAGE_NAME ""
| #define PACKAGE_TARNAME ""
| #define PACKAGE_VERSION ""
| #define PACKAGE_STRING ""
| #define PACKAGE_BUGREPORT ""
| #define PACKAGE "crosspoint"
| #define VERSION "0.1"
| #define HAVE_LIBM 1
| #define HAVE_LIBFREETYPE 1
| #define HAVE_LIBPNG 1
| #define HAVE_LIBMPLOT 1
| /* end confdefs.h.  */
| #include <ac_nonexistent.h>
configure:3050: result: gcc -E
configure:3074: gcc -E -g -O2 -I/usr/include/freetype2 conftest.c
configure:3080: $? = 0
configure:3112: gcc -E -g -O2 -I/usr/include/freetype2 conftest.c
conftest.c:15:28: ac_nonexistent.h: No such file or directory
configure:3118: $? = 1
configure: failed program was:
| /* confdefs.h.  */
| 
| #define PACKAGE_NAME ""
| #define PACKAGE_TARNAME ""
| #define PACKAGE_VERSION ""
| #define PACKAGE_STRING ""
| #define PACKAGE_BUGREPORT ""
| #define PACKAGE "crosspoint"
| #define VERSION "0.1"
| #define HAVE_LIBM 1
| #define HAVE_LIBFREETYPE 1
| #define HAVE_LIBPNG 1
| #define HAVE_LIBMPLOT 1
| /* end confdefs.h.  */
| #include <ac_nonexistent.h>
configure:3162: checking for egrep
configure:3172: result: grep -E
configure:3177: checking for ANSI C header files
configure:3202: gcc -c -g -O2 -g -O2 -I/usr/include/freetype2 conftest.c >&5
configure:3208: $? = 0
configure:3211: test -z 			 || test ! -s conftest.err
configure:3214: $? = 0
configure:3217: test -s conftest.o
configure:3220: $? = 0
configure:3309: gcc -o conftest -g -O2 -g -O2 -I/usr/include/freetype2  conftest.c -lmplot -lpng -lfreetype -lm  >&5
configure:3312: $? = 0
configure:3314: ./conftest
configure:3317: $? = 0
configure:3332: result: yes
configure:3476: creating ./config.status

## ---------------------- ##
## Running config.status. ##
## ---------------------- ##

This file was extended by config.status, which was
generated by GNU Autoconf 2.59.  Invocation command line was

  CONFIG_FILES    = 
  CONFIG_HEADERS  = 
  CONFIG_LINKS    = 
  CONFIG_COMMANDS = 
  $ ./config.status 

on challenger

config.status:692: creating Makefile

## ---------------- ##
## Cache variables. ##
## ---------------- ##

ac_cv_c_compiler_gnu=yes
ac_cv_env_CC_set=
ac_cv_env_CC_value=
ac_cv_env_CFLAGS_set=
ac_cv_env_CFLAGS_value=
ac_cv_env_CPPFLAGS_set=
ac_cv_env_CPPFLAGS_value=
ac_cv_env_CPP_set=
ac_cv_env_CPP_value=
ac_cv_env_LDFLAGS_set=
ac_cv_env_LDFLAGS_value=
ac_cv_env_build_alias_set=
ac_cv_env_build_alias_value=
ac_cv_env_host_alias_set=
ac_cv_env_host_alias_value=
ac_cv_env_target_alias_set=
ac_cv_env_target_alias_value=
ac_cv_exeext=
ac_cv_header_stdc=yes
ac_cv_lib_freetype_FT_Init_FreeType=yes
ac_cv_lib_m_atan=yes
ac_cv_lib_mplot_plot_newplot=yes
ac_cv_lib_png_png_init_io=yes
ac_cv_objext=o
ac_cv_path_FREETYPE_CONFIG=/usr/bin/freetype-config
ac_cv_path_install='/usr/bin/install -c'
ac_cv_prog_CPP='gcc -E'
ac_cv_prog_ac_ct_CC=gcc
ac_cv_prog_cc_g=yes
ac_cv_prog_cc_stdc=
ac_cv_prog_egrep='grep -E'
ac_cv_prog_make_make_set=yes

## ----------------- ##
## Output variables. ##
## ----------------- ##

ACLOCAL='aclocal'
AUTOCONF='autoconf'
AUTOHEADER='autoheader'
AUTOMAKE='automake'
CC='gcc'
CFLAGS='-g -O2'
CPP='gcc -E'
CPPFLAGS='-g -O2 -I/usr/include/freetype2'
DEFS='-DPACKAGE_NAME=\"\" -DPACKAGE_TARNAME=\"\" -DPACKAGE_VERSION=\"\" -DPACKAGE_STRING=\"\" -DPACKAGE_BUGREPORT=\"\" -DPACKAGE=\"crosspoint\" -DVERSION=\"0.1\" -DHAVE_LIBM=1 -DHAVE_LIBFREETYPE=1 -DHAVE_LIBPNG=1 -DHAVE_LIBMPLOT=1 -DSTDC_HEADERS=1 -D_GNU_SOURCE=1 '
ECHO_C=''
ECHO_N='-n'
ECHO_T=''
EGREP='grep -E'
EXEEXT=''
FREETYPE_CONFIG='/usr/bin/freetype-config'
INSTALL_DATA='${INSTALL} -m 644'
INSTALL_PROGRAM='${INSTALL}'
INSTALL_SCRIPT='${INSTALL}'
LDFLAGS=''
LIBOBJS=''
LIBS='-lmplot -lpng -lfreetype -lm '
LTLIBOBJS=''
MAINT='#'
MAINTAINER_MODE_FALSE=''
MAINTAINER_MODE_TRUE='#'
MAKEINFO='makeinfo'
OBJEXT='o'
PACKAGE='crosspoint'
PACKAGE_BUGREPORT=''
PACKAGE_NAME=''
PACKAGE_STRING=''
PACKAGE_TARNAME=''
PACKAGE_VERSION=''
PATH_SEPARATOR=':'
SET_MAKE=''
SHELL='/bin/sh'
VERSION='0.1'
ac_ct_CC='gcc'
bindir='${exec_prefix}/bin'
build_alias=''
datadir='${prefix}/share'
exec_prefix='${prefix}'
host_alias=''
includedir='${prefix}/include'
infodir='${prefix}/info'
libdir='${exec_prefix}/lib'
libexecdir='${exec_prefix}/libexec'
localstatedir='${prefix}/var'
mandir='${prefix}/man'
oldincludedir='/usr/include'
prefix='/usr/local'
program_transform_name='s,x,x,'
sbindir='${exec_prefix}/sbin'
sharedstatedir='${prefix}/com'
sysconfdir='${prefix}/etc'
target_alias=''

## ----------- ##
## confdefs.h. ##
## ----------- ##

#define HAVE_LIBFREETYPE 1
#define HAVE_LIBM 1
#define HAVE_LIBMPLOT 1
#define HAVE_LIBPNG 1
#define PACKAGE "crosspoint"
#define PACKAGE_BUGREPORT ""
#define PACKAGE_NAME ""
#define PACKAGE_STRING ""
#define PACKAGE_TARNAME ""
#define PACKAGE_VERSION ""
#define STDC_HEADERS 1
#define VERSION "0.1"
#define _GNU_SOURCE 1

configure: exit 0
