This file contains any messages produced by compilers while
running configure, to aid debugging if configure makes a mistake.

configure:570: checking for a BSD compatible install
configure:623: checking whether build environment is sane
configure:680: checking whether make sets ${MAKE}
configure:726: checking for working aclocal
configure:739: checking for working autoconf
configure:752: checking for working automake
configure:765: checking for working autoheader
configure:778: checking for working makeinfo
configure:792: checking whether to enable maintainer-specific portions of Makefiles
configure:821: checking for gcc
configure:934: checking whether the C compiler (gcc  ) works
configure:950: gcc -o conftest    conftest.c  1>&5
configure:976: checking whether the C compiler (gcc  ) is a cross-compiler
configure:981: checking whether we are using GNU C
configure:1009: checking whether gcc accepts -g
configure:1045: checking for c++
configure:1077: checking whether the C++ compiler (c++  ) works
configure:1093: c++ -o conftest    conftest.C  1>&5
configure:1119: checking whether the C++ compiler (c++  ) is a cross-compiler
configure:1124: checking whether we are using GNU C++
configure:1152: checking whether c++ accepts -g
configure:1197: checking for a BSD compatible install
configure:1252: checking for ranlib
configure:1355: checking host system type
configure:1376: checking build system type
configure:1405: checking for ld used by GCC
configure:1468: checking if the linker (/usr/bin/ld) is GNU ld
configure:1484: checking for BSD-compatible nm
configure:1521: checking whether ln -s works
ltconfig:603: checking for object suffix
ltconfig:604: gcc -c -g -O2  conftest.c 1>&5
ltconfig:776: checking if gcc PIC flag -fPIC works
ltconfig:777: gcc -c -g -O2 -fPIC -DPIC  conftest.c 1>&5
ltconfig:829: checking if gcc supports -c -o file.o
ltconfig:830: gcc -c -g -O2 -o out/conftest2.o  conftest.c 1>&5
ltconfig:862: checking if gcc supports -c -o file.lo
ltconfig:863: gcc -c -g -O2 -c -o conftest.lo  conftest.c 1>&5
ltconfig:914: checking if gcc supports -fno-rtti -fno-exceptions
ltconfig:915: gcc -c -g -O2 -fno-rtti -fno-exceptions -c conftest.c  conftest.c 1>&5
ltconfig:958: checking if gcc static flag -static works
ltconfig:959: gcc -o conftest -g -O2   -static conftest.c  1>&5
GNU ld version 2.10.91 (with BFD 2.10.91.0.2)
ltconfig:1635: checking if global_symbol_pipe works
ltconfig:1636: gcc -c -g -O2  conftest.c 1>&5
ltconfig:1639: eval "$/usr/bin/nm -B conftest.o | sed -n -e 's/^.*[ 	]\([BCDEGRST]\)[ 	][ 	]*\(\)\([_A-Za-z][_A-Za-z0-9]*\)$/\1 \2\3 \3/p' > conftest.nm"
cannot run sed -n -e 's/^.*[ 	]\([BCDEGRST]\)[ 	][ 	]*\(\)\([_A-Za-z][_A-Za-z0-9]*\)$/\1 \2\3 \3/p'
ltconfig:1635: checking if global_symbol_pipe works
ltconfig:1636: gcc -c -g -O2  conftest.c 1>&5
ltconfig:1639: eval "$/usr/bin/nm -B conftest.o | sed -n -e 's/^.*[ 	]\([BCDEGRST]\)[ 	][ 	]*\(_\)\([_A-Za-z][_A-Za-z0-9]*\)$/\1 \2\3 \3/p' > conftest.nm"
cannot run sed -n -e 's/^.*[ 	]\([BCDEGRST]\)[ 	][ 	]*\(_\)\([_A-Za-z][_A-Za-z0-9]*\)$/\1 \2\3 \3/p'
ltconfig:2452: checking for dlfcn.h
ltconfig:2490: checking whether a program can dlopen itself
ltconfig:2563: checking whether a statically linked program can dlopen itself
configure:1928: checking for atan in -lm
configure:1976: checking for uncompress in -lz
configure:2027: checking how to run the C preprocessor
configure:2107: checking for ANSI C header files
